<?xml version="1.0" encoding="UTF-8"?>
<!-- Generated by org.testng.reporters.JUnitXMLReporter -->
<testsuite ignored="12" hostname="DESKTOP-SBMGD82" failures="1" tests="36" name="Default test" time="786.058" errors="0" timestamp="2021-04-17T16:37:25 IST">
  <testcase classname="com.freshproposals.selenium.sanity_3" name="Login" time="32.556"/>
  <testcase classname="com.freshproposals.selenium.sanity_3" name="CreateTemplate" time="23.568"/>
  <testcase classname="com.freshproposals.selenium.sanity_3" name="CreateSection_TextBox_Test" time="12.34"/>
  <testcase classname="com.freshproposals.selenium.sanity_3" name="bold" time="54.679"/>
  <testcase classname="com.freshproposals.selenium.sanity_3" name="click_reflect_h1" time="7.922"/>
  <testcase classname="com.freshproposals.selenium.sanity_3" name="click_reflect_h2" time="5.299"/>
  <testcase classname="com.freshproposals.selenium.sanity_3" name="click_reflect_h3" time="5.274"/>
  <testcase classname="com.freshproposals.selenium.sanity_3" name="click_reflect_h4" time="5.168"/>
  <testcase classname="com.freshproposals.selenium.sanity_3" name="click_reflect_body" time="5.143"/>
  <testcase classname="com.freshproposals.selenium.sanity_3" name="click_reflect_quote" time="38.266"/>
  <testcase classname="com.freshproposals.selenium.sanity_3" name="delete_all" time="1.355"/>
  <testcase classname="com.freshproposals.selenium.sanity_3" name="click_reflect_default" time="14.415"/>
  <testcase classname="com.freshproposals.selenium.sanity_3" name="click_reflect_single" time="13.751"/>
  <testcase classname="com.freshproposals.selenium.sanity_3" name="click_reflect_1point15" time="13.618"/>
  <testcase classname="com.freshproposals.selenium.sanity_3" name="click_reflect_1point5" time="13.564"/>
  <testcase classname="com.freshproposals.selenium.sanity_3" name="click_reflect_double" time="47.669"/>
  <testcase classname="com.freshproposals.selenium.sanity_3" name="delete_all_2" time="1.583"/>
  <testcase classname="com.freshproposals.selenium.sanity_3" name="align_left" time="13.371"/>
  <testcase classname="com.freshproposals.selenium.sanity_3" name="align_center" time="12.391"/>
  <testcase classname="com.freshproposals.selenium.sanity_3" name="align_right" time="11.364"/>
  <testcase classname="com.freshproposals.selenium.sanity_3" name="align_justify" time="45.099"/>
  <testcase classname="com.freshproposals.selenium.sanity_3" name="delete_all_3" time="1.683"/>
  <testcase classname="com.freshproposals.selenium.sanity_3" name="orderList_default" time="61.119"/>
  <testcase classname="com.freshproposals.selenium.sanity_3" name="delete_all_4" time="1.278"/>
  <testcase classname="com.freshproposals.selenium.sanity_3" name="orderlist_lower_alpha" time="58.566"/>
  <testcase classname="com.freshproposals.selenium.sanity_3" name="delete_all_5" time="2.091"/>
  <testcase classname="com.freshproposals.selenium.sanity_3" name="unorderlist_default" time="54.678"/>
  <testcase classname="com.freshproposals.selenium.sanity_3" name="delete_all_10" time="1.356"/>
  <testcase classname="com.freshproposals.selenium.sanity_3" name="unorderlist_circle" time="58.516"/>
  <testcase classname="com.freshproposals.selenium.sanity_3" name="delete_all_11" time="2.23"/>
  <testcase classname="com.freshproposals.selenium.sanity_3" name="Indent" time="45.677"/>
  <testcase classname="com.freshproposals.selenium.sanity_3" name="delete_all_14" time="3.985"/>
  <testcase classname="com.freshproposals.selenium.sanity_3" name="insert_link" time="54.779"/>
  <testcase classname="com.freshproposals.selenium.sanity_3" name="linkRename" time="43.782"/>
  <testcase classname="com.freshproposals.selenium.sanity_3" name="delete_all_15" time="1.32"/>
  <testcase classname="com.freshproposals.selenium.sanity_3" name="Save_link_update" time="7.4">
    <failure type="org.openqa.selenium.InvalidArgumentException" message="invalid argument
  (Session info: chrome=89.0.4389.128)
Build info: version: &amp;apos;3.141.59&amp;apos;, revision: &amp;apos;e82be7d358&amp;apos;, time: &amp;apos;2018-11-14T08:17:03&amp;apos;
System info: host: &amp;apos;DESKTOP-SBMGD82&amp;apos;, ip: &amp;apos;192.168.0.107&amp;apos;, os.name: &amp;apos;Windows 10&amp;apos;, os.arch: &amp;apos;amd64&amp;apos;, os.version: &amp;apos;10.0&amp;apos;, java.version: &amp;apos;15.0.2&amp;apos;
Driver info: org.openqa.selenium.chrome.ChromeDriver
Capabilities {acceptInsecureCerts: false, browserName: chrome, browserVersion: 89.0.4389.128, chrome: {chromedriverVersion: 88.0.4324.96 (68dba2d8a0b14..., userDataDir: C:\Users\Manish\AppData\Loc...}, goog:chromeOptions: {debuggerAddress: localhost:65063}, javascriptEnabled: true, networkConnectionEnabled: false, pageLoadStrategy: normal, platform: WINDOWS, platformName: WINDOWS, proxy: Proxy(), setWindowRect: true, strictFileInteractability: false, timeouts: {implicit: 0, pageLoad: 300000, script: 30000}, unhandledPromptBehavior: dismiss and notify, webauthn:extension:largeBlob: true, webauthn:virtualAuthenticators: true}
Session ID: 820cf11790a238527c9bfd528ddc891a">
      <![CDATA[org.openqa.selenium.InvalidArgumentException: invalid argument
  (Session info: chrome=89.0.4389.128)
Build info: version: '3.141.59', revision: 'e82be7d358', time: '2018-11-14T08:17:03'
System info: host: 'DESKTOP-SBMGD82', ip: '192.168.0.107', os.name: 'Windows 10', os.arch: 'amd64', os.version: '10.0', java.version: '15.0.2'
Driver info: org.openqa.selenium.chrome.ChromeDriver
Capabilities {acceptInsecureCerts: false, browserName: chrome, browserVersion: 89.0.4389.128, chrome: {chromedriverVersion: 88.0.4324.96 (68dba2d8a0b14..., userDataDir: C:\Users\Manish\AppData\Loc...}, goog:chromeOptions: {debuggerAddress: localhost:65063}, javascriptEnabled: true, networkConnectionEnabled: false, pageLoadStrategy: normal, platform: WINDOWS, platformName: WINDOWS, proxy: Proxy(), setWindowRect: true, strictFileInteractability: false, timeouts: {implicit: 0, pageLoad: 300000, script: 30000}, unhandledPromptBehavior: dismiss and notify, webauthn:extension:largeBlob: true, webauthn:virtualAuthenticators: true}
Session ID: 820cf11790a238527c9bfd528ddc891a
at java.base/jdk.internal.reflect.NativeConstructorAccessorImpl.newInstance0(Native Method)
at java.base/jdk.internal.reflect.NativeConstructorAccessorImpl.newInstance(NativeConstructorAccessorImpl.java:64)
at java.base/jdk.internal.reflect.DelegatingConstructorAccessorImpl.newInstance(DelegatingConstructorAccessorImpl.java:45)
at java.base/java.lang.reflect.Constructor.newInstanceWithCaller(Constructor.java:500)
at java.base/java.lang.reflect.Constructor.newInstance(Constructor.java:481)
at org.openqa.selenium.remote.http.W3CHttpResponseCodec.createException(W3CHttpResponseCodec.java:187)
at org.openqa.selenium.remote.http.W3CHttpResponseCodec.decode(W3CHttpResponseCodec.java:122)
at org.openqa.selenium.remote.http.W3CHttpResponseCodec.decode(W3CHttpResponseCodec.java:49)
at org.openqa.selenium.remote.HttpCommandExecutor.execute(HttpCommandExecutor.java:158)
at org.openqa.selenium.remote.service.DriverCommandExecutor.execute(DriverCommandExecutor.java:83)
at org.openqa.selenium.remote.RemoteWebDriver.execute(RemoteWebDriver.java:552)
at org.openqa.selenium.remote.RemoteWebDriver.get(RemoteWebDriver.java:277)
at com.freshproposals.selenium.sanity_3.Save_link_update(sanity_3.java:1477)
at java.base/jdk.internal.reflect.NativeMethodAccessorImpl.invoke0(Native Method)
at java.base/jdk.internal.reflect.NativeMethodAccessorImpl.invoke(NativeMethodAccessorImpl.java:64)
at java.base/jdk.internal.reflect.DelegatingMethodAccessorImpl.invoke(DelegatingMethodAccessorImpl.java:43)
at java.base/java.lang.reflect.Method.invoke(Method.java:564)
at org.testng.internal.MethodInvocationHelper.invokeMethod(MethodInvocationHelper.java:132)
at org.testng.internal.TestInvoker.invokeMethod(TestInvoker.java:599)
at org.testng.internal.TestInvoker.invokeTestMethod(TestInvoker.java:174)
at org.testng.internal.MethodRunner.runInSequence(MethodRunner.java:46)
at org.testng.internal.TestInvoker$MethodInvocationAgent.invoke(TestInvoker.java:822)
at org.testng.internal.TestInvoker.invokeTestMethods(TestInvoker.java:147)
at org.testng.internal.TestMethodWorker.invokeTestMethods(TestMethodWorker.java:146)
at org.testng.internal.TestMethodWorker.run(TestMethodWorker.java:128)
at java.base/java.util.ArrayList.forEach(ArrayList.java:1511)
at org.testng.TestRunner.privateRun(TestRunner.java:764)
at org.testng.TestRunner.run(TestRunner.java:585)
at org.testng.SuiteRunner.runTest(SuiteRunner.java:384)
at org.testng.SuiteRunner.runSequentially(SuiteRunner.java:378)
at org.testng.SuiteRunner.privateRun(SuiteRunner.java:337)
at org.testng.SuiteRunner.run(SuiteRunner.java:286)
at org.testng.SuiteRunnerWorker.runSuite(SuiteRunnerWorker.java:53)
at org.testng.SuiteRunnerWorker.run(SuiteRunnerWorker.java:96)
at org.testng.TestNG.runSuitesSequentially(TestNG.java:1218)
at org.testng.TestNG.runSuitesLocally(TestNG.java:1140)
at org.testng.TestNG.runSuites(TestNG.java:1069)
at org.testng.TestNG.run(TestNG.java:1037)
at org.testng.remote.AbstractRemoteTestNG.run(AbstractRemoteTestNG.java:115)
at org.testng.remote.RemoteTestNG.initAndRun(RemoteTestNG.java:251)
at org.testng.remote.RemoteTestNG.main(RemoteTestNG.java:77)
]]>
    </failure>
  </testcase> <!-- Save_link_update -->
  <testcase classname="com.freshproposals.selenium.sanity_3" name="orderlist_lower_greek" time="0.0">
    <ignored/>
  </testcase> <!-- orderlist_lower_greek -->
  <testcase classname="com.freshproposals.selenium.sanity_3" name="delete_all_9" time="0.0">
    <ignored/>
  </testcase> <!-- delete_all_9 -->
  <testcase classname="com.freshproposals.selenium.sanity_3" name="orderlist_lower_roman" time="0.0">
    <ignored/>
  </testcase> <!-- orderlist_lower_roman -->
  <testcase classname="com.freshproposals.selenium.sanity_3" name="delete_all_6" time="0.0">
    <ignored/>
  </testcase> <!-- delete_all_6 -->
  <testcase classname="com.freshproposals.selenium.sanity_3" name="orderlist_upper_alpha" time="0.0">
    <ignored/>
  </testcase> <!-- orderlist_upper_alpha -->
  <testcase classname="com.freshproposals.selenium.sanity_3" name="delete_all_8" time="0.0">
    <ignored/>
  </testcase> <!-- delete_all_8 -->
  <testcase classname="com.freshproposals.selenium.sanity_3" name="unorderlist_disc" time="0.0">
    <ignored/>
  </testcase> <!-- unorderlist_disc -->
  <testcase classname="com.freshproposals.selenium.sanity_3" name="delete_all_13" time="0.0">
    <ignored/>
  </testcase> <!-- delete_all_13 -->
  <testcase classname="com.freshproposals.selenium.sanity_3" name="delete_all_7" time="0.0">
    <ignored/>
  </testcase> <!-- delete_all_7 -->
  <testcase classname="com.freshproposals.selenium.sanity_3" name="orderlist_upper_roman" time="0.0">
    <ignored/>
  </testcase> <!-- orderlist_upper_roman -->
  <testcase classname="com.freshproposals.selenium.sanity_3" name="unorderlist_square" time="0.0">
    <ignored/>
  </testcase> <!-- unorderlist_square -->
  <testcase classname="com.freshproposals.selenium.sanity_3" name="delete_all_12" time="0.0">
    <ignored/>
  </testcase> <!-- delete_all_12 -->
</testsuite> <!-- Default test -->
