<?xml version="1.0" encoding="UTF-8"?>
<!-- Generated by org.testng.reporters.JUnitXMLReporter -->
<testsuite hostname="DESKTOP-0FSTDRC" ignored="15" name="All" tests="267" failures="21" timestamp="2020-11-14T18:16:25 IST" time="1890.492" errors="0">
  <testcase name="SetUnmPwd" time="1.1" classname="com.freshproposals.selenium.Existing_Template"/>
  <testcase name="openWtriteTemplate" time="55.399" classname="com.freshproposals.selenium.Existing_Template"/>
  <testcase name="width" time="0.691" classname="com.freshproposals.selenium.Existing_Template"/>
  <testcase name="height" time="0.296" classname="com.freshproposals.selenium.Existing_Template"/>
  <testcase name="rotate" time="0.296" classname="com.freshproposals.selenium.Existing_Template"/>
  <testcase name="background_color" time="0.46" classname="com.freshproposals.selenium.Existing_Template"/>
  <testcase name="gradient" time="0.145" classname="com.freshproposals.selenium.Existing_Template"/>
  <testcase name="circular" time="0.123" classname="com.freshproposals.selenium.Existing_Template"/>
  <testcase name="opacity" time="0.456" classname="com.freshproposals.selenium.Existing_Template"/>
  <testcase name="corner_click" time="0.148" classname="com.freshproposals.selenium.Existing_Template"/>
  <testcase name="corner_apply" time="3.204" classname="com.freshproposals.selenium.Existing_Template"/>
  <testcase name="border_click" time="0.24" classname="com.freshproposals.selenium.Existing_Template"/>
  <testcase name="border_Width" time="0.285" classname="com.freshproposals.selenium.Existing_Template"/>
  <testcase name="shadow_click" time="0.215" classname="com.freshproposals.selenium.Existing_Template"/>
  <testcase name="horizontal_length" time="0.194" classname="com.freshproposals.selenium.Existing_Template"/>
  <testcase name="vertical_length" time="0.232" classname="com.freshproposals.selenium.Existing_Template"/>
  <testcase name="blur_radius" time="0.197" classname="com.freshproposals.selenium.Existing_Template"/>
  <testcase name="spread_radius" time="0.233" classname="com.freshproposals.selenium.Existing_Template"/>
  <testcase name="padding_click" time="0.146" classname="com.freshproposals.selenium.Existing_Template"/>
  <testcase name="padding_top" time="0.191" classname="com.freshproposals.selenium.Existing_Template">
    <failure type="java.lang.AssertionError" message="expected [30] but found [[[ChromeDriver: chrome on WINDOWS (b643428bec5b11ead8efb01ad5d18b20)] -&amp;gt; name: paddingTop]]">
      <![CDATA[java.lang.AssertionError: expected [30] but found [[[ChromeDriver: chrome on WINDOWS (b643428bec5b11ead8efb01ad5d18b20)] -> name: paddingTop]]
at com.freshproposals.selenium.Existing_Template.padding_top(Existing_Template.java:261)
at java.util.ArrayList.forEach(Unknown Source)
... Removed 32 stack frames]]>
    </failure>
  </testcase> <!-- padding_top -->
  <testcase name="padding_bottom" time="0.181" classname="com.freshproposals.selenium.Existing_Template">
    <failure type="java.lang.AssertionError" message="expected [30] but found [[[ChromeDriver: chrome on WINDOWS (b643428bec5b11ead8efb01ad5d18b20)] -&amp;gt; name: paddingBottom]]">
      <![CDATA[java.lang.AssertionError: expected [30] but found [[[ChromeDriver: chrome on WINDOWS (b643428bec5b11ead8efb01ad5d18b20)] -> name: paddingBottom]]
at com.freshproposals.selenium.Existing_Template.padding_bottom(Existing_Template.java:270)
at java.util.ArrayList.forEach(Unknown Source)
... Removed 32 stack frames]]>
    </failure>
  </testcase> <!-- padding_bottom -->
  <testcase name="padding_Left" time="0.174" classname="com.freshproposals.selenium.Existing_Template">
    <failure type="java.lang.AssertionError" message="expected [30] but found [[[ChromeDriver: chrome on WINDOWS (b643428bec5b11ead8efb01ad5d18b20)] -&amp;gt; name: paddingLeft]]">
      <![CDATA[java.lang.AssertionError: expected [30] but found [[[ChromeDriver: chrome on WINDOWS (b643428bec5b11ead8efb01ad5d18b20)] -> name: paddingLeft]]
at com.freshproposals.selenium.Existing_Template.padding_Left(Existing_Template.java:280)
at java.util.ArrayList.forEach(Unknown Source)
... Removed 32 stack frames]]>
    </failure>
  </testcase> <!-- padding_Left -->
  <testcase name="padding_right" time="0.235" classname="com.freshproposals.selenium.Existing_Template">
    <failure type="java.lang.AssertionError" message="expected [30] but found [[[ChromeDriver: chrome on WINDOWS (b643428bec5b11ead8efb01ad5d18b20)] -&amp;gt; name: paddingRight]]">
      <![CDATA[java.lang.AssertionError: expected [30] but found [[[ChromeDriver: chrome on WINDOWS (b643428bec5b11ead8efb01ad5d18b20)] -> name: paddingRight]]
at com.freshproposals.selenium.Existing_Template.padding_right(Existing_Template.java:289)
at java.util.ArrayList.forEach(Unknown Source)
... Removed 32 stack frames]]>
    </failure>
  </testcase> <!-- padding_right -->
  <testcase name="saveAndPreview" time="12.637" classname="com.freshproposals.selenium.Existing_Template"/>
  <testcase name="reflect_width" time="5.147" classname="com.freshproposals.selenium.Existing_Template"/>
  <testcase name="reflect_height" time="0.054" classname="com.freshproposals.selenium.Existing_Template"/>
  <testcase name="reflect_shadow" time="0.037" classname="com.freshproposals.selenium.Existing_Template"/>
  <testcase name="SetUnmPwd" time="0.566" classname="com.freshproposals.selenium.Existing_Single_Image_Proposal"/>
  <testcase name="openExistingData" time="40.8" classname="com.freshproposals.selenium.Existing_Single_Image_Proposal"/>
  <testcase name="width" time="0.499" classname="com.freshproposals.selenium.Existing_Single_Image_Proposal"/>
  <testcase name="rotate" time="0.207" classname="com.freshproposals.selenium.Existing_Single_Image_Proposal"/>
  <testcase name="background_color" time="0.402" classname="com.freshproposals.selenium.Existing_Single_Image_Proposal"/>
  <testcase name="gradient" time="0.15" classname="com.freshproposals.selenium.Existing_Single_Image_Proposal"/>
  <testcase name="circular" time="0.115" classname="com.freshproposals.selenium.Existing_Single_Image_Proposal"/>
  <testcase name="opacity" time="0.479" classname="com.freshproposals.selenium.Existing_Single_Image_Proposal"/>
  <testcase name="border_click" time="0.397" classname="com.freshproposals.selenium.Existing_Single_Image_Proposal"/>
  <testcase name="border_Width" time="0.234" classname="com.freshproposals.selenium.Existing_Single_Image_Proposal"/>
  <testcase name="shadow_click" time="0.181" classname="com.freshproposals.selenium.Existing_Single_Image_Proposal"/>
  <testcase name="horizontal_length" time="0.22" classname="com.freshproposals.selenium.Existing_Single_Image_Proposal"/>
  <testcase name="vertical_length" time="0.229" classname="com.freshproposals.selenium.Existing_Single_Image_Proposal"/>
  <testcase name="blur_radius" time="0.214" classname="com.freshproposals.selenium.Existing_Single_Image_Proposal"/>
  <testcase name="spread_radius" time="0.229" classname="com.freshproposals.selenium.Existing_Single_Image_Proposal"/>
  <testcase name="padding_click" time="0.135" classname="com.freshproposals.selenium.Existing_Single_Image_Proposal"/>
  <testcase name="padding_top" time="0.182" classname="com.freshproposals.selenium.Existing_Single_Image_Proposal">
    <failure type="java.lang.AssertionError" message="expected [30] but found [[[ChromeDriver: chrome on WINDOWS (57adf37ef4b3638094b796856ce7ab2b)] -&amp;gt; name: paddingTop]]">
      <![CDATA[java.lang.AssertionError: expected [30] but found [[[ChromeDriver: chrome on WINDOWS (57adf37ef4b3638094b796856ce7ab2b)] -> name: paddingTop]]
at com.freshproposals.selenium.Existing_Single_Image_Proposal.padding_top(Existing_Single_Image_Proposal.java:293)
at java.util.ArrayList.forEach(Unknown Source)
... Removed 32 stack frames]]>
    </failure>
  </testcase> <!-- padding_top -->
  <testcase name="padding_bottom" time="0.183" classname="com.freshproposals.selenium.Existing_Single_Image_Proposal">
    <failure type="java.lang.AssertionError" message="expected [30] but found [[[ChromeDriver: chrome on WINDOWS (57adf37ef4b3638094b796856ce7ab2b)] -&amp;gt; name: paddingBottom]]">
      <![CDATA[java.lang.AssertionError: expected [30] but found [[[ChromeDriver: chrome on WINDOWS (57adf37ef4b3638094b796856ce7ab2b)] -> name: paddingBottom]]
at com.freshproposals.selenium.Existing_Single_Image_Proposal.padding_bottom(Existing_Single_Image_Proposal.java:302)
at java.util.ArrayList.forEach(Unknown Source)
... Removed 32 stack frames]]>
    </failure>
  </testcase> <!-- padding_bottom -->
  <testcase name="padding_Left" time="0.173" classname="com.freshproposals.selenium.Existing_Single_Image_Proposal">
    <failure type="java.lang.AssertionError" message="expected [30] but found [[[ChromeDriver: chrome on WINDOWS (57adf37ef4b3638094b796856ce7ab2b)] -&amp;gt; name: paddingLeft]]">
      <![CDATA[java.lang.AssertionError: expected [30] but found [[[ChromeDriver: chrome on WINDOWS (57adf37ef4b3638094b796856ce7ab2b)] -> name: paddingLeft]]
at com.freshproposals.selenium.Existing_Single_Image_Proposal.padding_Left(Existing_Single_Image_Proposal.java:312)
at java.util.ArrayList.forEach(Unknown Source)
... Removed 32 stack frames]]>
    </failure>
  </testcase> <!-- padding_Left -->
  <testcase name="padding_right" time="0.197" classname="com.freshproposals.selenium.Existing_Single_Image_Proposal">
    <failure type="java.lang.AssertionError" message="expected [30] but found [[[ChromeDriver: chrome on WINDOWS (57adf37ef4b3638094b796856ce7ab2b)] -&amp;gt; name: paddingRight]]">
      <![CDATA[java.lang.AssertionError: expected [30] but found [[[ChromeDriver: chrome on WINDOWS (57adf37ef4b3638094b796856ce7ab2b)] -> name: paddingRight]]
at com.freshproposals.selenium.Existing_Single_Image_Proposal.padding_right(Existing_Single_Image_Proposal.java:321)
at java.util.ArrayList.forEach(Unknown Source)
... Removed 32 stack frames]]>
    </failure>
  </testcase> <!-- padding_right -->
  <testcase name="greyscale" time="50.242" classname="com.freshproposals.selenium.Existing_Single_Image_Proposal">
    <failure type="org.openqa.selenium.TimeoutException" message="Expected condition failed: waiting for element to be clickable: By.name: grayscale (tried for 20 second(s) with 500 milliseconds interval)">
      <![CDATA[org.openqa.selenium.TimeoutException: Expected condition failed: waiting for element to be clickable: By.name: grayscale (tried for 20 second(s) with 500 milliseconds interval)
at org.openqa.selenium.support.ui.WebDriverWait.timeoutException(WebDriverWait.java:95)
at org.openqa.selenium.support.ui.FluentWait.until(FluentWait.java:272)
at com.freshproposals.selenium.Existing_Single_Image_Proposal.greyscale(Existing_Single_Image_Proposal.java:329)
at java.util.ArrayList.forEach(Unknown Source)
Caused by: org.openqa.selenium.NoSuchElementException: no such element: Unable to locate element: {"method":"css selector","selector":"*[name='grayscale']"}
  (Session info: chrome=86.0.4240.198)
For documentation on this error, please visit: https://www.seleniumhq.org/exceptions/no_such_element.html
Build info: version: '3.141.59', revision: 'e82be7d358', time: '2018-11-14T08:25:53'
System info: host: 'DESKTOP-0FSTDRC', ip: '192.168.0.103', os.name: 'Windows 8.1', os.arch: 'amd64', os.version: '6.3', java.version: '1.8.0_25'
Driver info: org.openqa.selenium.chrome.ChromeDriver
Capabilities {acceptInsecureCerts: false, browserName: chrome, browserVersion: 86.0.4240.198, chrome: {chromedriverVersion: 86.0.4240.22 (398b0743353ff..., userDataDir: C:\Users\user\AppData\Local...}, goog:chromeOptions: {debuggerAddress: localhost:59397}, javascriptEnabled: true, networkConnectionEnabled: false, pageLoadStrategy: normal, platform: WINDOWS, platformName: WINDOWS, proxy: Proxy(), setWindowRect: true, strictFileInteractability: false, timeouts: {implicit: 0, pageLoad: 300000, script: 30000}, unhandledPromptBehavior: dismiss and notify, webauthn:virtualAuthenticators: true}
Session ID: 57adf37ef4b3638094b796856ce7ab2b
*** Element info: {Using=name, value=grayscale}
at org.openqa.selenium.remote.http.W3CHttpResponseCodec.createException(W3CHttpResponseCodec.java:187)
at org.openqa.selenium.remote.http.W3CHttpResponseCodec.decode(W3CHttpResponseCodec.java:122)
at org.openqa.selenium.remote.http.W3CHttpResponseCodec.decode(W3CHttpResponseCodec.java:49)
at org.openqa.selenium.remote.HttpCommandExecutor.execute(HttpCommandExecutor.java:158)
at org.openqa.selenium.remote.service.DriverCommandExecutor.execute(DriverCommandExecutor.java:83)
at org.openqa.selenium.remote.RemoteWebDriver.execute(RemoteWebDriver.java:552)
at org.openqa.selenium.remote.RemoteWebDriver.findElement(RemoteWebDriver.java:323)
at org.openqa.selenium.remote.RemoteWebDriver.findElementByName(RemoteWebDriver.java:404)
at org.openqa.selenium.By$ByName.findElement(By.java:284)
at org.openqa.selenium.remote.RemoteWebDriver.findElement(RemoteWebDriver.java:315)
at org.openqa.selenium.support.ui.ExpectedConditions$7.apply(ExpectedConditions.java:205)
at org.openqa.selenium.support.ui.ExpectedConditions$7.apply(ExpectedConditions.java:201)
at org.openqa.selenium.support.ui.ExpectedConditions$22.apply(ExpectedConditions.java:641)
at org.openqa.selenium.support.ui.ExpectedConditions$22.apply(ExpectedConditions.java:638)
at org.openqa.selenium.support.ui.FluentWait.until(FluentWait.java:249)
... 30 more
... Removed 32 stack frames]]>
    </failure>
  </testcase> <!-- greyscale -->
  <testcase name="flip" time="0.323" classname="com.freshproposals.selenium.Existing_Single_Image_Proposal"/>
  <testcase name="saveAndPreview" time="12.397" classname="com.freshproposals.selenium.Existing_Single_Image_Proposal"/>
  <testcase name="reflect_width" time="5.094" classname="com.freshproposals.selenium.Existing_Single_Image_Proposal"/>
  <testcase name="reflect_rotate" time="0.029" classname="com.freshproposals.selenium.Existing_Single_Image_Proposal">
    <failure type="java.lang.AssertionError" message="expected [5deg] but found []">
      <![CDATA[java.lang.AssertionError: expected [5deg] but found []
at java.util.ArrayList.forEach(Unknown Source)
... Removed 34 stack frames]]>
    </failure>
  </testcase> <!-- reflect_rotate -->
  <testcase name="reflect_shadow" time="0.022" classname="com.freshproposals.selenium.Existing_Single_Image_Proposal"/>
  <testcase name="SetUnmPwd" time="0.473" classname="com.freshproposals.selenium.Rectangle_Properties_Proposal"/>
  <testcase name="openExistData" time="40.353" classname="com.freshproposals.selenium.Rectangle_Properties_Proposal"/>
  <testcase name="width" time="0.553" classname="com.freshproposals.selenium.Rectangle_Properties_Proposal"/>
  <testcase name="height" time="0.152" classname="com.freshproposals.selenium.Rectangle_Properties_Proposal"/>
  <testcase name="rotate" time="0.192" classname="com.freshproposals.selenium.Rectangle_Properties_Proposal"/>
  <testcase name="background_color" time="0.402" classname="com.freshproposals.selenium.Rectangle_Properties_Proposal"/>
  <testcase name="gradient" time="0.223" classname="com.freshproposals.selenium.Rectangle_Properties_Proposal"/>
  <testcase name="circular" time="0.132" classname="com.freshproposals.selenium.Rectangle_Properties_Proposal"/>
  <testcase name="opacity" time="0.43" classname="com.freshproposals.selenium.Rectangle_Properties_Proposal"/>
  <testcase name="border_click" time="0.372" classname="com.freshproposals.selenium.Rectangle_Properties_Proposal"/>
  <testcase name="border_Width" time="0.278" classname="com.freshproposals.selenium.Rectangle_Properties_Proposal"/>
  <testcase name="shadow_click" time="0.198" classname="com.freshproposals.selenium.Rectangle_Properties_Proposal"/>
  <testcase name="horizontal_length" time="0.292" classname="com.freshproposals.selenium.Rectangle_Properties_Proposal"/>
  <testcase name="vertical_length" time="0.238" classname="com.freshproposals.selenium.Rectangle_Properties_Proposal"/>
  <testcase name="blur_radius" time="0.195" classname="com.freshproposals.selenium.Rectangle_Properties_Proposal"/>
  <testcase name="spread_radius" time="0.26" classname="com.freshproposals.selenium.Rectangle_Properties_Proposal"/>
  <testcase name="saveAndPreview" time="12.443" classname="com.freshproposals.selenium.Rectangle_Properties_Proposal"/>
  <testcase name="reflect_width" time="5.083" classname="com.freshproposals.selenium.Rectangle_Properties_Proposal"/>
  <testcase name="reflect_rotate" time="0.047" classname="com.freshproposals.selenium.Rectangle_Properties_Proposal">
    <failure type="java.lang.AssertionError" message="expected [5deg] but found []">
      <![CDATA[java.lang.AssertionError: expected [5deg] but found []
at java.util.ArrayList.forEach(Unknown Source)
... Removed 34 stack frames]]>
    </failure>
  </testcase> <!-- reflect_rotate -->
  <testcase name="reflect_shadow" time="0.028" classname="com.freshproposals.selenium.Rectangle_Properties_Proposal">
    <failure type="java.lang.AssertionError" message="expected [rgb(29, 201, 183) 100px 100px 100px 100px] but found [none]">
      <![CDATA[java.lang.AssertionError: expected [rgb(29, 201, 183) 100px 100px 100px 100px] but found [none]
at java.util.ArrayList.forEach(Unknown Source)
... Removed 34 stack frames]]>
    </failure>
  </testcase> <!-- reflect_shadow -->
  <testcase name="SetUnmPwd" time="0.492" classname="com.freshproposals.selenium.Line_Properties_Proposal"/>
  <testcase name="openExistData" time="40.209" classname="com.freshproposals.selenium.Line_Properties_Proposal"/>
  <testcase name="length" time="1.402" classname="com.freshproposals.selenium.Line_Properties_Proposal">
    <failure type="org.openqa.selenium.ElementClickInterceptedException" message="element click intercepted: Element &amp;lt;div _ngcontent-lvt-c141=&amp;quot;&amp;quot; class=&amp;quot;resizers&amp;quot;&amp;gt;...&amp;lt;/div&amp;gt; is not clickable at point (406, 597). Other element would receive the click: &amp;lt;ngb-modal-window role=&amp;quot;dialog&amp;quot; tabindex=&amp;quot;-1&amp;quot; aria-modal=&amp;quot;true&amp;quot; class=&amp;quot;d-block fade modal modal-holder show&amp;quot;&amp;gt;...&amp;lt;/ngb-modal-window&amp;gt;
  (Session info: chrome=86.0.4240.198)
Build info: version: &amp;apos;3.141.59&amp;apos;, revision: &amp;apos;e82be7d358&amp;apos;, time: &amp;apos;2018-11-14T08:25:53&amp;apos;
System info: host: &amp;apos;DESKTOP-0FSTDRC&amp;apos;, ip: &amp;apos;192.168.0.103&amp;apos;, os.name: &amp;apos;Windows 8.1&amp;apos;, os.arch: &amp;apos;amd64&amp;apos;, os.version: &amp;apos;6.3&amp;apos;, java.version: &amp;apos;1.8.0_25&amp;apos;
Driver info: org.openqa.selenium.chrome.ChromeDriver
Capabilities {acceptInsecureCerts: false, browserName: chrome, browserVersion: 86.0.4240.198, chrome: {chromedriverVersion: 86.0.4240.22 (398b0743353ff..., userDataDir: C:\Users\user\AppData\Local...}, goog:chromeOptions: {debuggerAddress: localhost:59933}, javascriptEnabled: true, networkConnectionEnabled: false, pageLoadStrategy: normal, platform: WINDOWS, platformName: WINDOWS, proxy: Proxy(), setWindowRect: true, strictFileInteractability: false, timeouts: {implicit: 0, pageLoad: 300000, script: 30000}, unhandledPromptBehavior: dismiss and notify, webauthn:virtualAuthenticators: true}
Session ID: 2b33e2e134dc7d0e4d108f15a6c0f52b">
      <![CDATA[org.openqa.selenium.ElementClickInterceptedException: element click intercepted: Element <div _ngcontent-lvt-c141="" class="resizers">...</div> is not clickable at point (406, 597). Other element would receive the click: <ngb-modal-window role="dialog" tabindex="-1" aria-modal="true" class="d-block fade modal modal-holder show">...</ngb-modal-window>
  (Session info: chrome=86.0.4240.198)
Build info: version: '3.141.59', revision: 'e82be7d358', time: '2018-11-14T08:25:53'
System info: host: 'DESKTOP-0FSTDRC', ip: '192.168.0.103', os.name: 'Windows 8.1', os.arch: 'amd64', os.version: '6.3', java.version: '1.8.0_25'
Driver info: org.openqa.selenium.chrome.ChromeDriver
Capabilities {acceptInsecureCerts: false, browserName: chrome, browserVersion: 86.0.4240.198, chrome: {chromedriverVersion: 86.0.4240.22 (398b0743353ff..., userDataDir: C:\Users\user\AppData\Local...}, goog:chromeOptions: {debuggerAddress: localhost:59933}, javascriptEnabled: true, networkConnectionEnabled: false, pageLoadStrategy: normal, platform: WINDOWS, platformName: WINDOWS, proxy: Proxy(), setWindowRect: true, strictFileInteractability: false, timeouts: {implicit: 0, pageLoad: 300000, script: 30000}, unhandledPromptBehavior: dismiss and notify, webauthn:virtualAuthenticators: true}
Session ID: 2b33e2e134dc7d0e4d108f15a6c0f52b
at org.openqa.selenium.remote.http.W3CHttpResponseCodec.createException(W3CHttpResponseCodec.java:187)
at org.openqa.selenium.remote.http.W3CHttpResponseCodec.decode(W3CHttpResponseCodec.java:122)
at org.openqa.selenium.remote.http.W3CHttpResponseCodec.decode(W3CHttpResponseCodec.java:49)
at org.openqa.selenium.remote.HttpCommandExecutor.execute(HttpCommandExecutor.java:158)
at org.openqa.selenium.remote.service.DriverCommandExecutor.execute(DriverCommandExecutor.java:83)
at org.openqa.selenium.remote.RemoteWebDriver.execute(RemoteWebDriver.java:552)
at org.openqa.selenium.remote.RemoteWebElement.execute(RemoteWebElement.java:285)
at org.openqa.selenium.remote.RemoteWebElement.click(RemoteWebElement.java:84)
at com.freshproposals.selenium.Line_Properties_Proposal.length(Line_Properties_Proposal.java:72)
at java.util.ArrayList.forEach(Unknown Source)
... Removed 32 stack frames]]>
    </failure>
  </testcase> <!-- length -->
  <testcase name="rotate" time="16.292" classname="com.freshproposals.selenium.Line_Properties_Proposal"/>
  <testcase name="border_click" time="0.198" classname="com.freshproposals.selenium.Line_Properties_Proposal"/>
  <testcase name="border_Width" time="0.298" classname="com.freshproposals.selenium.Line_Properties_Proposal"/>
  <testcase name="shadow_click" time="0.193" classname="com.freshproposals.selenium.Line_Properties_Proposal"/>
  <testcase name="horizontal_length" time="0.213" classname="com.freshproposals.selenium.Line_Properties_Proposal"/>
  <testcase name="vertical_length" time="0.227" classname="com.freshproposals.selenium.Line_Properties_Proposal"/>
  <testcase name="blur_radius" time="0.225" classname="com.freshproposals.selenium.Line_Properties_Proposal"/>
  <testcase name="spread_radius" time="0.195" classname="com.freshproposals.selenium.Line_Properties_Proposal"/>
  <testcase name="saveAndPreview" time="12.374" classname="com.freshproposals.selenium.Line_Properties_Proposal"/>
  <testcase name="reflect_length" time="5.066" classname="com.freshproposals.selenium.Line_Properties_Proposal">
    <failure type="java.lang.AssertionError" message="expected [500px] but found [100px]">
      <![CDATA[java.lang.AssertionError: expected [500px] but found [100px]
at java.util.ArrayList.forEach(Unknown Source)
... Removed 34 stack frames]]>
    </failure>
  </testcase> <!-- reflect_length -->
  <testcase name="reflect_rotate" time="0.04" classname="com.freshproposals.selenium.Line_Properties_Proposal">
    <failure type="java.lang.AssertionError" message="expected [5deg] but found []">
      <![CDATA[java.lang.AssertionError: expected [5deg] but found []
at java.util.ArrayList.forEach(Unknown Source)
... Removed 34 stack frames]]>
    </failure>
  </testcase> <!-- reflect_rotate -->
  <testcase name="reflect_shadow" time="0.095" classname="com.freshproposals.selenium.Line_Properties_Proposal">
    <failure type="java.lang.AssertionError" message="expected [rgb(29, 201, 183) 100px 100px 100px 100px] but found [none]">
      <![CDATA[java.lang.AssertionError: expected [rgb(29, 201, 183) 100px 100px 100px 100px] but found [none]
at java.util.ArrayList.forEach(Unknown Source)
... Removed 34 stack frames]]>
    </failure>
  </testcase> <!-- reflect_shadow -->
  <testcase name="SetUnmPwd" time="0.437" classname="com.freshproposals.selenium.FeeTable"/>
  <testcase name="addData" time="34.455" classname="com.freshproposals.selenium.FeeTable"/>
  <testcase name="addContent" time="3.095" classname="com.freshproposals.selenium.FeeTable"/>
  <testcase name="feesLibrary" time="6.005" classname="com.freshproposals.selenium.FeeTable"/>
  <testcase name="rowStyle" time="2.54" classname="com.freshproposals.selenium.FeeTable"/>
  <testcase name="tableStyle_header" time="2.062" classname="com.freshproposals.selenium.FeeTable"/>
  <testcase name="tableStyle_body" time="2.113" classname="com.freshproposals.selenium.FeeTable"/>
  <testcase name="tableStyle_footer" time="2.483" classname="com.freshproposals.selenium.FeeTable"/>
  <testcase name="SetUnmPwd" time="0.49" classname="com.freshproposals.selenium.ContentTable"/>
  <testcase name="openExistingData" time="41.32" classname="com.freshproposals.selenium.ContentTable"/>
  <testcase name="ct" time="5.133" classname="com.freshproposals.selenium.ContentTable"/>
  <testcase name="header" time="1.884" classname="com.freshproposals.selenium.ContentTable"/>
  <testcase name="body" time="1.723" classname="com.freshproposals.selenium.ContentTable"/>
  <testcase name="footer" time="2.379" classname="com.freshproposals.selenium.ContentTable"/>
  <testcase name="SetUnmPwd" time="0.518" classname="com.freshproposals.selenium.Click_Drag_Drop_all_Components"/>
  <testcase name="openExistData" time="33.881" classname="com.freshproposals.selenium.Click_Drag_Drop_all_Components"/>
  <testcase name="dragDropTextBox" time="0.437" classname="com.freshproposals.selenium.Click_Drag_Drop_all_Components"/>
  <testcase name="deleteTextBox" time="2.364" classname="com.freshproposals.selenium.Click_Drag_Drop_all_Components"/>
  <testcase name="dragDropcontentTable" time="2.55" classname="com.freshproposals.selenium.Click_Drag_Drop_all_Components"/>
  <testcase name="deleteContentTable" time="2.24" classname="com.freshproposals.selenium.Click_Drag_Drop_all_Components"/>
  <testcase name="dragDropFeesTable" time="2.764" classname="com.freshproposals.selenium.Click_Drag_Drop_all_Components"/>
  <testcase name="deleteFeesTable" time="2.184" classname="com.freshproposals.selenium.Click_Drag_Drop_all_Components"/>
  <testcase name="dragDropSignature" time="2.165" classname="com.freshproposals.selenium.Click_Drag_Drop_all_Components"/>
  <testcase name="deleteSignature" time="2.201" classname="com.freshproposals.selenium.Click_Drag_Drop_all_Components"/>
  <testcase name="dragDropRectangle" time="4.671" classname="com.freshproposals.selenium.Click_Drag_Drop_all_Components"/>
  <testcase name="deleteRectangle" time="2.303" classname="com.freshproposals.selenium.Click_Drag_Drop_all_Components"/>
  <testcase name="dragDropEllipse" time="4.55" classname="com.freshproposals.selenium.Click_Drag_Drop_all_Components"/>
  <testcase name="deleteEllipse" time="2.303" classname="com.freshproposals.selenium.Click_Drag_Drop_all_Components"/>
  <testcase name="dragDropLine" time="4.517" classname="com.freshproposals.selenium.Click_Drag_Drop_all_Components"/>
  <testcase name="deleteLine" time="2.379" classname="com.freshproposals.selenium.Click_Drag_Drop_all_Components"/>
  <testcase name="dragDropSquare" time="4.378" classname="com.freshproposals.selenium.Click_Drag_Drop_all_Components"/>
  <testcase name="deleteSquare" time="2.34" classname="com.freshproposals.selenium.Click_Drag_Drop_all_Components"/>
  <testcase name="dragDropCircle" time="4.527" classname="com.freshproposals.selenium.Click_Drag_Drop_all_Components"/>
  <testcase name="deleteCircle" time="2.253" classname="com.freshproposals.selenium.Click_Drag_Drop_all_Components"/>
  <testcase name="dragDropTriangle" time="4.583" classname="com.freshproposals.selenium.Click_Drag_Drop_all_Components"/>
  <testcase name="deleteTriangle" time="2.383" classname="com.freshproposals.selenium.Click_Drag_Drop_all_Components"/>
  <testcase name="dragDropImage" time="5.517" classname="com.freshproposals.selenium.Click_Drag_Drop_all_Components"/>
  <testcase name="deleteImage" time="54.302" classname="com.freshproposals.selenium.Click_Drag_Drop_all_Components">
    <failure type="org.openqa.selenium.NoSuchElementException" message="no such element: Unable to locate element: {&amp;quot;method&amp;quot;:&amp;quot;xpath&amp;quot;,&amp;quot;selector&amp;quot;:&amp;quot;//img[@src=&amp;apos;../../assets/delete-icon.svg&amp;apos;]&amp;quot;}
  (Session info: chrome=86.0.4240.198)
For documentation on this error, please visit: https://www.seleniumhq.org/exceptions/no_such_element.html
Build info: version: &amp;apos;3.141.59&amp;apos;, revision: &amp;apos;e82be7d358&amp;apos;, time: &amp;apos;2018-11-14T08:25:53&amp;apos;
System info: host: &amp;apos;DESKTOP-0FSTDRC&amp;apos;, ip: &amp;apos;192.168.0.103&amp;apos;, os.name: &amp;apos;Windows 8.1&amp;apos;, os.arch: &amp;apos;amd64&amp;apos;, os.version: &amp;apos;6.3&amp;apos;, java.version: &amp;apos;1.8.0_25&amp;apos;
Driver info: org.openqa.selenium.chrome.ChromeDriver
Capabilities {acceptInsecureCerts: false, browserName: chrome, browserVersion: 86.0.4240.198, chrome: {chromedriverVersion: 86.0.4240.22 (398b0743353ff..., userDataDir: C:\Users\user\AppData\Local...}, goog:chromeOptions: {debuggerAddress: localhost:60220}, javascriptEnabled: true, networkConnectionEnabled: false, pageLoadStrategy: normal, platform: WINDOWS, platformName: WINDOWS, proxy: Proxy(), setWindowRect: true, strictFileInteractability: false, timeouts: {implicit: 0, pageLoad: 300000, script: 30000}, unhandledPromptBehavior: dismiss and notify, webauthn:virtualAuthenticators: true}
Session ID: 5b58795eb1be6a3e4c266d3f3055075c
*** Element info: {Using=xpath, value=//img[@src=&amp;apos;../../assets/delete-icon.svg&amp;apos;]}">
      <![CDATA[org.openqa.selenium.NoSuchElementException: no such element: Unable to locate element: {"method":"xpath","selector":"//img[@src='../../assets/delete-icon.svg']"}
  (Session info: chrome=86.0.4240.198)
For documentation on this error, please visit: https://www.seleniumhq.org/exceptions/no_such_element.html
Build info: version: '3.141.59', revision: 'e82be7d358', time: '2018-11-14T08:25:53'
System info: host: 'DESKTOP-0FSTDRC', ip: '192.168.0.103', os.name: 'Windows 8.1', os.arch: 'amd64', os.version: '6.3', java.version: '1.8.0_25'
Driver info: org.openqa.selenium.chrome.ChromeDriver
Capabilities {acceptInsecureCerts: false, browserName: chrome, browserVersion: 86.0.4240.198, chrome: {chromedriverVersion: 86.0.4240.22 (398b0743353ff..., userDataDir: C:\Users\user\AppData\Local...}, goog:chromeOptions: {debuggerAddress: localhost:60220}, javascriptEnabled: true, networkConnectionEnabled: false, pageLoadStrategy: normal, platform: WINDOWS, platformName: WINDOWS, proxy: Proxy(), setWindowRect: true, strictFileInteractability: false, timeouts: {implicit: 0, pageLoad: 300000, script: 30000}, unhandledPromptBehavior: dismiss and notify, webauthn:virtualAuthenticators: true}
Session ID: 5b58795eb1be6a3e4c266d3f3055075c
*** Element info: {Using=xpath, value=//img[@src='../../assets/delete-icon.svg']}
at org.openqa.selenium.remote.http.W3CHttpResponseCodec.createException(W3CHttpResponseCodec.java:187)
at org.openqa.selenium.remote.http.W3CHttpResponseCodec.decode(W3CHttpResponseCodec.java:122)
at org.openqa.selenium.remote.http.W3CHttpResponseCodec.decode(W3CHttpResponseCodec.java:49)
at org.openqa.selenium.remote.HttpCommandExecutor.execute(HttpCommandExecutor.java:158)
at org.openqa.selenium.remote.service.DriverCommandExecutor.execute(DriverCommandExecutor.java:83)
at org.openqa.selenium.remote.RemoteWebDriver.execute(RemoteWebDriver.java:552)
at org.openqa.selenium.remote.RemoteWebDriver.findElement(RemoteWebDriver.java:323)
at org.openqa.selenium.remote.RemoteWebDriver.findElementByXPath(RemoteWebDriver.java:428)
at org.openqa.selenium.By$ByXPath.findElement(By.java:353)
at org.openqa.selenium.remote.RemoteWebDriver.findElement(RemoteWebDriver.java:315)
at com.freshproposals.selenium.Click_Drag_Drop_all_Components.deleteImage(Click_Drag_Drop_all_Components.java:202)
at java.util.ArrayList.forEach(Unknown Source)
... Removed 32 stack frames]]>
    </failure>
  </testcase> <!-- deleteImage -->
  <testcase name="SetUnmPwd" time="0.525" classname="com.freshproposals.selenium.Ellipse_Duplicate_Proposal"/>
  <testcase name="openExistingData" time="41.219" classname="com.freshproposals.selenium.Ellipse_Duplicate_Proposal"/>
  <testcase name="width" time="0.532" classname="com.freshproposals.selenium.Ellipse_Duplicate_Proposal"/>
  <testcase name="assert_width_1" time="0.143" classname="com.freshproposals.selenium.Ellipse_Duplicate_Proposal"/>
  <testcase name="duplicate" time="2.636" classname="com.freshproposals.selenium.Ellipse_Duplicate_Proposal"/>
  <testcase name="DragDrop" time="3.634" classname="com.freshproposals.selenium.Ellipse_Duplicate_Proposal"/>
  <testcase name="assert_width_2" time="0.092" classname="com.freshproposals.selenium.Ellipse_Duplicate_Proposal"/>
  <testcase name="SetUnmPwd" time="0.479" classname="com.freshproposals.selenium.Ellipse_Duplicate_Template"/>
  <testcase name="open_Template" time="34.844" classname="com.freshproposals.selenium.Ellipse_Duplicate_Template"/>
  <testcase name="width" time="0.671" classname="com.freshproposals.selenium.Ellipse_Duplicate_Template"/>
  <testcase name="assert_width_1" time="0.113" classname="com.freshproposals.selenium.Ellipse_Duplicate_Template"/>
  <testcase name="duplicate" time="2.485" classname="com.freshproposals.selenium.Ellipse_Duplicate_Template"/>
  <testcase name="DragDrop" time="3.561" classname="com.freshproposals.selenium.Ellipse_Duplicate_Template"/>
  <testcase name="assert_width_2" time="0.095" classname="com.freshproposals.selenium.Ellipse_Duplicate_Template"/>
  <testcase name="SetUnmPwd" time="0.455" classname="com.freshproposals.selenium.Image_Duplicate_Proposal"/>
  <testcase name="openExistingData" time="41.104" classname="com.freshproposals.selenium.Image_Duplicate_Proposal"/>
  <testcase name="width" time="0.6" classname="com.freshproposals.selenium.Image_Duplicate_Proposal"/>
  <testcase name="assert_width_1" time="0.132" classname="com.freshproposals.selenium.Image_Duplicate_Proposal"/>
  <testcase name="duplicate" time="2.795" classname="com.freshproposals.selenium.Image_Duplicate_Proposal"/>
  <testcase name="DragDrop" time="3.618" classname="com.freshproposals.selenium.Image_Duplicate_Proposal"/>
  <testcase name="assert_width_2" time="0.101" classname="com.freshproposals.selenium.Image_Duplicate_Proposal"/>
  <testcase name="SetUnmPwd" time="0.489" classname="com.freshproposals.selenium.Image_Duplicate_Template"/>
  <testcase name="open_Template" time="34.685" classname="com.freshproposals.selenium.Image_Duplicate_Template"/>
  <testcase name="width" time="0.444" classname="com.freshproposals.selenium.Image_Duplicate_Template"/>
  <testcase name="assert_width_1" time="0.121" classname="com.freshproposals.selenium.Image_Duplicate_Template"/>
  <testcase name="duplicate" time="2.688" classname="com.freshproposals.selenium.Image_Duplicate_Template"/>
  <testcase name="DragDrop" time="3.538" classname="com.freshproposals.selenium.Image_Duplicate_Template"/>
  <testcase name="assert_width_2" time="0.094" classname="com.freshproposals.selenium.Image_Duplicate_Template"/>
  <testcase name="SetUnmPwd" time="0.496" classname="com.freshproposals.selenium.Rectangle_Duplicate_Proposal"/>
  <testcase name="openExistingData" time="40.169" classname="com.freshproposals.selenium.Rectangle_Duplicate_Proposal"/>
  <testcase name="width" time="0.442" classname="com.freshproposals.selenium.Rectangle_Duplicate_Proposal"/>
  <testcase name="assert_width_1" time="0.125" classname="com.freshproposals.selenium.Rectangle_Duplicate_Proposal"/>
  <testcase name="duplicate" time="2.656" classname="com.freshproposals.selenium.Rectangle_Duplicate_Proposal"/>
  <testcase name="DragDrop" time="3.473" classname="com.freshproposals.selenium.Rectangle_Duplicate_Proposal"/>
  <testcase name="assert_width_2" time="0.083" classname="com.freshproposals.selenium.Rectangle_Duplicate_Proposal"/>
  <testcase name="SetUnmPwd" time="0.638" classname="com.freshproposals.selenium.Rectangle_Duplicate_Template"/>
  <testcase name="open_Template" time="34.682" classname="com.freshproposals.selenium.Rectangle_Duplicate_Template"/>
  <testcase name="width" time="0.589" classname="com.freshproposals.selenium.Rectangle_Duplicate_Template"/>
  <testcase name="assert_width_1" time="0.153" classname="com.freshproposals.selenium.Rectangle_Duplicate_Template"/>
  <testcase name="duplicate" time="2.661" classname="com.freshproposals.selenium.Rectangle_Duplicate_Template"/>
  <testcase name="DragDrop" time="3.611" classname="com.freshproposals.selenium.Rectangle_Duplicate_Template"/>
  <testcase name="assert_width_2" time="0.106" classname="com.freshproposals.selenium.Rectangle_Duplicate_Template"/>
  <testcase name="SetUnmPwd" time="0.599" classname="com.freshproposals.selenium.TextBox_Duplicate_Proposal"/>
  <testcase name="open_Template" time="40.357" classname="com.freshproposals.selenium.TextBox_Duplicate_Proposal"/>
  <testcase name="width" time="0.352" classname="com.freshproposals.selenium.TextBox_Duplicate_Proposal"/>
  <testcase name="assert_width_1" time="0.264" classname="com.freshproposals.selenium.TextBox_Duplicate_Proposal"/>
  <testcase name="duplicate" time="2.696" classname="com.freshproposals.selenium.TextBox_Duplicate_Proposal"/>
  <testcase name="DragDrop" time="3.674" classname="com.freshproposals.selenium.TextBox_Duplicate_Proposal"/>
  <testcase name="assert_width_2" time="0.183" classname="com.freshproposals.selenium.TextBox_Duplicate_Proposal"/>
  <testcase name="SetUnmPwd" time="0.451" classname="com.freshproposals.selenium.TextBox_Duplicate_Template"/>
  <testcase name="open_Template" time="36.18" classname="com.freshproposals.selenium.TextBox_Duplicate_Template"/>
  <testcase name="width" time="0.218" classname="com.freshproposals.selenium.TextBox_Duplicate_Template"/>
  <testcase name="assert_width_1" time="0.179" classname="com.freshproposals.selenium.TextBox_Duplicate_Template"/>
  <testcase name="assert_text_1" time="0.138" classname="com.freshproposals.selenium.TextBox_Duplicate_Template"/>
  <testcase name="duplicate" time="2.686" classname="com.freshproposals.selenium.TextBox_Duplicate_Template"/>
  <testcase name="DragDrop" time="3.643" classname="com.freshproposals.selenium.TextBox_Duplicate_Template"/>
  <testcase name="assert_width_2" time="0.131" classname="com.freshproposals.selenium.TextBox_Duplicate_Template"/>
  <testcase name="assert_text_2" time="0.112" classname="com.freshproposals.selenium.TextBox_Duplicate_Template"/>
  <testcase name="SetUnmPwd" time="0.463" classname="com.freshproposals.selenium.Signature_Duplicate_Proposal"/>
  <testcase name="openExistingData" time="40.995" classname="com.freshproposals.selenium.Signature_Duplicate_Proposal"/>
  <testcase name="width" time="0.991" classname="com.freshproposals.selenium.Signature_Duplicate_Proposal"/>
  <testcase name="assert_width_1" time="0.288" classname="com.freshproposals.selenium.Signature_Duplicate_Proposal"/>
  <testcase name="duplicate" time="2.572" classname="com.freshproposals.selenium.Signature_Duplicate_Proposal"/>
  <testcase name="DragDrop" time="3.486" classname="com.freshproposals.selenium.Signature_Duplicate_Proposal"/>
  <testcase name="assert_width_2" time="0.136" classname="com.freshproposals.selenium.Signature_Duplicate_Proposal"/>
  <testcase name="SetUnmPwd" time="0.481" classname="com.freshproposals.selenium.Signature_Duplicate_Template"/>
  <testcase name="open_Template" time="34.276" classname="com.freshproposals.selenium.Signature_Duplicate_Template"/>
  <testcase name="width" time="0.829" classname="com.freshproposals.selenium.Signature_Duplicate_Template"/>
  <testcase name="assert_width_1" time="0.144" classname="com.freshproposals.selenium.Signature_Duplicate_Template"/>
  <testcase name="duplicate" time="2.576" classname="com.freshproposals.selenium.Signature_Duplicate_Template"/>
  <testcase name="DragDrop" time="3.555" classname="com.freshproposals.selenium.Signature_Duplicate_Template"/>
  <testcase name="assert_width_2" time="0.163" classname="com.freshproposals.selenium.Signature_Duplicate_Template"/>
  <testcase name="SetUnmPwd" time="0.477" classname="com.freshproposals.selenium.Image_DragDrop_Position_Proposal"/>
  <testcase name="openExistTemplate" time="9.98" classname="com.freshproposals.selenium.Image_DragDrop_Position_Proposal"/>
  <testcase name="Get_Position" time="9.096" classname="com.freshproposals.selenium.Image_DragDrop_Position_Proposal">
    <failure type="java.lang.AssertionError" message="expected [327] but found [329]">
      <![CDATA[java.lang.AssertionError: expected [327] but found [329]
at com.freshproposals.selenium.Image_DragDrop_Position_Proposal.Get_Position(Image_DragDrop_Position_Proposal.java:67)
at java.util.ArrayList.forEach(Unknown Source)
... Removed 33 stack frames]]>
    </failure>
  </testcase> <!-- Get_Position -->
  <testcase name="DragDrop" time="6.797" classname="com.freshproposals.selenium.Image_DragDrop_Position_Proposal"/>
  <testcase name="DragDrop_Get_Position" time="8.396" classname="com.freshproposals.selenium.Image_DragDrop_Position_Proposal">
    <failure type="java.lang.AssertionError" message="expected [727] but found [729]">
      <![CDATA[java.lang.AssertionError: expected [727] but found [729]
at com.freshproposals.selenium.Image_DragDrop_Position_Proposal.DragDrop_Get_Position(Image_DragDrop_Position_Proposal.java:103)
at java.util.ArrayList.forEach(Unknown Source)
... Removed 33 stack frames]]>
    </failure>
  </testcase> <!-- DragDrop_Get_Position -->
  <testcase name="Reset" time="19.761" classname="com.freshproposals.selenium.Image_DragDrop_Position_Proposal"/>
  <testcase name="SetUnmPwd" time="0.485" classname="com.freshproposals.selenium.Image_DragDrop_Position_Template"/>
  <testcase name="openExistTemplate" time="15.036" classname="com.freshproposals.selenium.Image_DragDrop_Position_Template"/>
  <testcase name="Get_Position" time="8.109" classname="com.freshproposals.selenium.Image_DragDrop_Position_Template"/>
  <testcase name="DragDrop" time="8.043" classname="com.freshproposals.selenium.Image_DragDrop_Position_Template"/>
  <testcase name="DragDrop_Get_Position" time="8.803" classname="com.freshproposals.selenium.Image_DragDrop_Position_Template"/>
  <testcase name="Reset" time="11.806" classname="com.freshproposals.selenium.Image_DragDrop_Position_Template"/>
  <testcase name="SetUnmPwd" time="0.606" classname="com.freshproposals.selenium.TextBox_Top_Properties2"/>
  <testcase name="url" time="14.853" classname="com.freshproposals.selenium.TextBox_Top_Properties2"/>
  <testcase name="click_reflect_h1" time="7.151" classname="com.freshproposals.selenium.TextBox_Top_Properties2"/>
  <testcase name="click_reflect_h2" time="3.858" classname="com.freshproposals.selenium.TextBox_Top_Properties2"/>
  <testcase name="click_reflect_h3" time="3.79" classname="com.freshproposals.selenium.TextBox_Top_Properties2"/>
  <testcase name="click_reflect_h4" time="3.907" classname="com.freshproposals.selenium.TextBox_Top_Properties2"/>
  <testcase name="click_reflect_body" time="3.555" classname="com.freshproposals.selenium.TextBox_Top_Properties2"/>
  <testcase name="click_reflect_quote" time="54.079" classname="com.freshproposals.selenium.TextBox_Top_Properties2">
    <failure type="org.openqa.selenium.NoSuchElementException" message="no such element: Unable to locate element: {&amp;quot;method&amp;quot;:&amp;quot;link text&amp;quot;,&amp;quot;selector&amp;quot;:&amp;quot;Quote&amp;quot;}
  (Session info: chrome=86.0.4240.198)
For documentation on this error, please visit: https://www.seleniumhq.org/exceptions/no_such_element.html
Build info: version: &amp;apos;3.141.59&amp;apos;, revision: &amp;apos;e82be7d358&amp;apos;, time: &amp;apos;2018-11-14T08:25:53&amp;apos;
System info: host: &amp;apos;DESKTOP-0FSTDRC&amp;apos;, ip: &amp;apos;192.168.0.103&amp;apos;, os.name: &amp;apos;Windows 8.1&amp;apos;, os.arch: &amp;apos;amd64&amp;apos;, os.version: &amp;apos;6.3&amp;apos;, java.version: &amp;apos;1.8.0_25&amp;apos;
Driver info: org.openqa.selenium.chrome.ChromeDriver
Capabilities {acceptInsecureCerts: false, browserName: chrome, browserVersion: 86.0.4240.198, chrome: {chromedriverVersion: 86.0.4240.22 (398b0743353ff..., userDataDir: C:\Users\user\AppData\Local...}, goog:chromeOptions: {debuggerAddress: localhost:61133}, javascriptEnabled: true, networkConnectionEnabled: false, pageLoadStrategy: normal, platform: WINDOWS, platformName: WINDOWS, proxy: Proxy(), setWindowRect: true, strictFileInteractability: false, timeouts: {implicit: 0, pageLoad: 300000, script: 30000}, unhandledPromptBehavior: dismiss and notify, webauthn:virtualAuthenticators: true}
Session ID: db6595d8ebf7a3349b7678ee808dcc14
*** Element info: {Using=link text, value=Quote}">
      <![CDATA[org.openqa.selenium.NoSuchElementException: no such element: Unable to locate element: {"method":"link text","selector":"Quote"}
  (Session info: chrome=86.0.4240.198)
For documentation on this error, please visit: https://www.seleniumhq.org/exceptions/no_such_element.html
Build info: version: '3.141.59', revision: 'e82be7d358', time: '2018-11-14T08:25:53'
System info: host: 'DESKTOP-0FSTDRC', ip: '192.168.0.103', os.name: 'Windows 8.1', os.arch: 'amd64', os.version: '6.3', java.version: '1.8.0_25'
Driver info: org.openqa.selenium.chrome.ChromeDriver
Capabilities {acceptInsecureCerts: false, browserName: chrome, browserVersion: 86.0.4240.198, chrome: {chromedriverVersion: 86.0.4240.22 (398b0743353ff..., userDataDir: C:\Users\user\AppData\Local...}, goog:chromeOptions: {debuggerAddress: localhost:61133}, javascriptEnabled: true, networkConnectionEnabled: false, pageLoadStrategy: normal, platform: WINDOWS, platformName: WINDOWS, proxy: Proxy(), setWindowRect: true, strictFileInteractability: false, timeouts: {implicit: 0, pageLoad: 300000, script: 30000}, unhandledPromptBehavior: dismiss and notify, webauthn:virtualAuthenticators: true}
Session ID: db6595d8ebf7a3349b7678ee808dcc14
*** Element info: {Using=link text, value=Quote}
at org.openqa.selenium.remote.http.W3CHttpResponseCodec.createException(W3CHttpResponseCodec.java:187)
at org.openqa.selenium.remote.http.W3CHttpResponseCodec.decode(W3CHttpResponseCodec.java:122)
at org.openqa.selenium.remote.http.W3CHttpResponseCodec.decode(W3CHttpResponseCodec.java:49)
at org.openqa.selenium.remote.HttpCommandExecutor.execute(HttpCommandExecutor.java:158)
at org.openqa.selenium.remote.service.DriverCommandExecutor.execute(DriverCommandExecutor.java:83)
at org.openqa.selenium.remote.RemoteWebDriver.execute(RemoteWebDriver.java:552)
at org.openqa.selenium.remote.RemoteWebDriver.findElement(RemoteWebDriver.java:323)
at org.openqa.selenium.remote.RemoteWebDriver.findElementByLinkText(RemoteWebDriver.java:380)
at org.openqa.selenium.By$ByLinkText.findElement(By.java:220)
at org.openqa.selenium.remote.RemoteWebDriver.findElement(RemoteWebDriver.java:315)
at java.util.ArrayList.forEach(Unknown Source)
... Removed 33 stack frames]]>
    </failure>
  </testcase> <!-- click_reflect_quote -->
  <testcase name="Save_paragraph_style" time="14.166" classname="com.freshproposals.selenium.TextBox_Top_Properties2"/>
  <testcase name="delete_all" time="2.316" classname="com.freshproposals.selenium.TextBox_Top_Properties2"/>
  <testcase name="click_reflect_default" time="7.99" classname="com.freshproposals.selenium.TextBox_Top_Properties2"/>
  <testcase name="click_reflect_single" time="5.107" classname="com.freshproposals.selenium.TextBox_Top_Properties2"/>
  <testcase name="click_reflect_1point15" time="5.081" classname="com.freshproposals.selenium.TextBox_Top_Properties2"/>
  <testcase name="click_reflect_1point5" time="5.205" classname="com.freshproposals.selenium.TextBox_Top_Properties2"/>
  <testcase name="click_reflect_double" time="5.059" classname="com.freshproposals.selenium.TextBox_Top_Properties2"/>
  <testcase name="Save_line_height" time="14.579" classname="com.freshproposals.selenium.TextBox_Top_Properties2"/>
  <testcase name="delete_all_2" time="1.682" classname="com.freshproposals.selenium.TextBox_Top_Properties2"/>
  <testcase name="align_left" time="8.104" classname="com.freshproposals.selenium.TextBox_Top_Properties2"/>
  <testcase name="align_center" time="5.16" classname="com.freshproposals.selenium.TextBox_Top_Properties2"/>
  <testcase name="align_right" time="5.067" classname="com.freshproposals.selenium.TextBox_Top_Properties2"/>
  <testcase name="align_justify" time="5.06" classname="com.freshproposals.selenium.TextBox_Top_Properties2"/>
  <testcase name="Save_align" time="13.818" classname="com.freshproposals.selenium.TextBox_Top_Properties2"/>
  <testcase name="delete_all_3" time="2.235" classname="com.freshproposals.selenium.TextBox_Top_Properties2"/>
  <testcase name="orderList_default" time="10.987" classname="com.freshproposals.selenium.TextBox_Top_Properties2"/>
  <testcase name="Save_ol1" time="13.583" classname="com.freshproposals.selenium.TextBox_Top_Properties2"/>
  <testcase name="delete_all_4" time="2.023" classname="com.freshproposals.selenium.TextBox_Top_Properties2"/>
  <testcase name="orderlist_lower_alpha" time="10.636" classname="com.freshproposals.selenium.TextBox_Top_Properties2"/>
  <testcase name="Save_ol2" time="13.681" classname="com.freshproposals.selenium.TextBox_Top_Properties2"/>
  <testcase name="delete_all_5" time="2.008" classname="com.freshproposals.selenium.TextBox_Top_Properties2"/>
  <testcase name="orderlist_lower_greek" time="10.923" classname="com.freshproposals.selenium.TextBox_Top_Properties2"/>
  <testcase name="Save_ol3" time="14.056" classname="com.freshproposals.selenium.TextBox_Top_Properties2"/>
  <testcase name="delete_all_6" time="2.028" classname="com.freshproposals.selenium.TextBox_Top_Properties2"/>
  <testcase name="orderlist_lower_roman" time="9.522" classname="com.freshproposals.selenium.TextBox_Top_Properties2"/>
  <testcase name="Save_ol4" time="14.502" classname="com.freshproposals.selenium.TextBox_Top_Properties2"/>
  <testcase name="delete_all_7" time="1.596" classname="com.freshproposals.selenium.TextBox_Top_Properties2"/>
  <testcase name="orderlist_upper_alpha" time="9.49" classname="com.freshproposals.selenium.TextBox_Top_Properties2"/>
  <testcase name="Save_ol5" time="14.26" classname="com.freshproposals.selenium.TextBox_Top_Properties2"/>
  <testcase name="delete_all_8" time="1.554" classname="com.freshproposals.selenium.TextBox_Top_Properties2"/>
  <testcase name="orderlist_upper_roman" time="8.64" classname="com.freshproposals.selenium.TextBox_Top_Properties2"/>
  <testcase name="Save_ol6" time="13.554" classname="com.freshproposals.selenium.TextBox_Top_Properties2"/>
  <testcase name="delete_all_9" time="2.201" classname="com.freshproposals.selenium.TextBox_Top_Properties2"/>
  <testcase name="unorderlist_default" time="9.615" classname="com.freshproposals.selenium.TextBox_Top_Properties2"/>
  <testcase name="Save_ul1" time="14.259" classname="com.freshproposals.selenium.TextBox_Top_Properties2"/>
  <testcase name="delete_all_10" time="1.51" classname="com.freshproposals.selenium.TextBox_Top_Properties2"/>
  <testcase name="unorderlist_circle" time="9.444" classname="com.freshproposals.selenium.TextBox_Top_Properties2"/>
  <testcase name="Save_ul2" time="13.728" classname="com.freshproposals.selenium.TextBox_Top_Properties2"/>
  <testcase name="delete_all_11" time="2.414" classname="com.freshproposals.selenium.TextBox_Top_Properties2"/>
  <testcase name="unorderlist_disc" time="9.9" classname="com.freshproposals.selenium.TextBox_Top_Properties2"/>
  <testcase name="Save_ul3" time="13.691" classname="com.freshproposals.selenium.TextBox_Top_Properties2"/>
  <testcase name="delete_all_12" time="2.185" classname="com.freshproposals.selenium.TextBox_Top_Properties2"/>
  <testcase name="unorderlist_square" time="9.992" classname="com.freshproposals.selenium.TextBox_Top_Properties2"/>
  <testcase name="Save_ul4" time="14.512" classname="com.freshproposals.selenium.TextBox_Top_Properties2"/>
  <testcase name="delete_all_13" time="1.563" classname="com.freshproposals.selenium.TextBox_Top_Properties2"/>
  <testcase name="insert_link" time="4.964" classname="com.freshproposals.selenium.TextBox_Top_Properties2">
    <failure type="org.openqa.selenium.ElementClickInterceptedException" message="element click intercepted: Element &amp;lt;button class=&amp;quot;fr-command fr-submit&amp;quot; role=&amp;quot;button&amp;quot; data-cmd=&amp;quot;link...&amp;quot; href=&amp;quot;#&amp;quot; tabindex=&amp;quot;4&amp;quot; type=&amp;quot;button&amp;quot;&amp;gt;Insert&amp;lt;/button&amp;gt; is not clickable at point (1169, 296). Other element would receive the click: &amp;lt;div _ngcontent-mok-c134=&amp;quot;&amp;quot; class=&amp;quot;form-group&amp;quot;&amp;gt;...&amp;lt;/div&amp;gt;
  (Session info: chrome=86.0.4240.198)
Build info: version: &amp;apos;3.141.59&amp;apos;, revision: &amp;apos;e82be7d358&amp;apos;, time: &amp;apos;2018-11-14T08:25:53&amp;apos;
System info: host: &amp;apos;DESKTOP-0FSTDRC&amp;apos;, ip: &amp;apos;192.168.0.103&amp;apos;, os.name: &amp;apos;Windows 8.1&amp;apos;, os.arch: &amp;apos;amd64&amp;apos;, os.version: &amp;apos;6.3&amp;apos;, java.version: &amp;apos;1.8.0_25&amp;apos;
Driver info: org.openqa.selenium.chrome.ChromeDriver
Capabilities {acceptInsecureCerts: false, browserName: chrome, browserVersion: 86.0.4240.198, chrome: {chromedriverVersion: 86.0.4240.22 (398b0743353ff..., userDataDir: C:\Users\user\AppData\Local...}, goog:chromeOptions: {debuggerAddress: localhost:61133}, javascriptEnabled: true, networkConnectionEnabled: false, pageLoadStrategy: normal, platform: WINDOWS, platformName: WINDOWS, proxy: Proxy(), setWindowRect: true, strictFileInteractability: false, timeouts: {implicit: 0, pageLoad: 300000, script: 30000}, unhandledPromptBehavior: dismiss and notify, webauthn:virtualAuthenticators: true}
Session ID: db6595d8ebf7a3349b7678ee808dcc14">
      <![CDATA[org.openqa.selenium.ElementClickInterceptedException: element click intercepted: Element <button class="fr-command fr-submit" role="button" data-cmd="link..." href="#" tabindex="4" type="button">Insert</button> is not clickable at point (1169, 296). Other element would receive the click: <div _ngcontent-mok-c134="" class="form-group">...</div>
  (Session info: chrome=86.0.4240.198)
Build info: version: '3.141.59', revision: 'e82be7d358', time: '2018-11-14T08:25:53'
System info: host: 'DESKTOP-0FSTDRC', ip: '192.168.0.103', os.name: 'Windows 8.1', os.arch: 'amd64', os.version: '6.3', java.version: '1.8.0_25'
Driver info: org.openqa.selenium.chrome.ChromeDriver
Capabilities {acceptInsecureCerts: false, browserName: chrome, browserVersion: 86.0.4240.198, chrome: {chromedriverVersion: 86.0.4240.22 (398b0743353ff..., userDataDir: C:\Users\user\AppData\Local...}, goog:chromeOptions: {debuggerAddress: localhost:61133}, javascriptEnabled: true, networkConnectionEnabled: false, pageLoadStrategy: normal, platform: WINDOWS, platformName: WINDOWS, proxy: Proxy(), setWindowRect: true, strictFileInteractability: false, timeouts: {implicit: 0, pageLoad: 300000, script: 30000}, unhandledPromptBehavior: dismiss and notify, webauthn:virtualAuthenticators: true}
Session ID: db6595d8ebf7a3349b7678ee808dcc14
at org.openqa.selenium.remote.http.W3CHttpResponseCodec.createException(W3CHttpResponseCodec.java:187)
at org.openqa.selenium.remote.http.W3CHttpResponseCodec.decode(W3CHttpResponseCodec.java:122)
at org.openqa.selenium.remote.http.W3CHttpResponseCodec.decode(W3CHttpResponseCodec.java:49)
at org.openqa.selenium.remote.HttpCommandExecutor.execute(HttpCommandExecutor.java:158)
at org.openqa.selenium.remote.service.DriverCommandExecutor.execute(DriverCommandExecutor.java:83)
at org.openqa.selenium.remote.RemoteWebDriver.execute(RemoteWebDriver.java:552)
at org.openqa.selenium.remote.RemoteWebElement.execute(RemoteWebElement.java:285)
at org.openqa.selenium.remote.RemoteWebElement.click(RemoteWebElement.java:84)
at com.freshproposals.selenium.TextBox_Top_Properties2.insert_link(TextBox_Top_Properties2.java:784)
at java.util.ArrayList.forEach(Unknown Source)
... Removed 32 stack frames]]>
    </failure>
  </testcase> <!-- insert_link -->
  <testcase name="Save_link" time="14.616" classname="com.freshproposals.selenium.TextBox_Top_Properties2"/>
  <testcase name="delete_all_14" time="1.672" classname="com.freshproposals.selenium.TextBox_Top_Properties2"/>
  <testcase name="Save_final" time="13.816" classname="com.freshproposals.selenium.TextBox_Top_Properties2"/>
  <testcase name="reflect_padding_right" time="0.0" classname="com.freshproposals.selenium.Existing_Template">
    <ignored/>
  </testcase> <!-- reflect_padding_right -->
  <testcase name="reflect_padding_top" time="0.0" classname="com.freshproposals.selenium.Existing_Single_Image_Proposal">
    <ignored/>
  </testcase> <!-- reflect_padding_top -->
  <testcase name="reflect_padding_top" time="0.0" classname="com.freshproposals.selenium.Existing_Template">
    <ignored/>
  </testcase> <!-- reflect_padding_top -->
  <testcase name="bold" time="0.0" classname="com.freshproposals.selenium.TextBox_Top_Properties2">
    <ignored/>
  </testcase> <!-- bold -->
  <testcase name="reflect_padding_bottom" time="0.0" classname="com.freshproposals.selenium.Existing_Single_Image_Proposal">
    <ignored/>
  </testcase> <!-- reflect_padding_bottom -->
  <testcase name="reset_all" time="0.0" classname="com.freshproposals.selenium.Existing_Template">
    <ignored/>
  </testcase> <!-- reset_all -->
  <testcase name="reflect_padding_bottom" time="0.0" classname="com.freshproposals.selenium.Existing_Template">
    <ignored/>
  </testcase> <!-- reflect_padding_bottom -->
  <testcase name="assert_text_2" time="0.0" classname="com.freshproposals.selenium.TextBox_Duplicate_Proposal">
    <ignored/>
  </testcase> <!-- assert_text_2 -->
  <testcase name="reflect_padding_right" time="0.0" classname="com.freshproposals.selenium.Existing_Single_Image_Proposal">
    <ignored/>
  </testcase> <!-- reflect_padding_right -->
  <testcase name="assert_text_1" time="0.0" classname="com.freshproposals.selenium.TextBox_Duplicate_Proposal">
    <ignored/>
  </testcase> <!-- assert_text_1 -->
  <testcase name="reflect_rotate" time="0.0" classname="com.freshproposals.selenium.Existing_Template">
    <ignored/>
  </testcase> <!-- reflect_rotate -->
  <testcase name="linkStyle" time="0.0" classname="com.freshproposals.selenium.TextBox_Top_Properties2">
    <ignored/>
  </testcase> <!-- linkStyle -->
  <testcase name="reflect_padding_left" time="0.0" classname="com.freshproposals.selenium.Existing_Single_Image_Proposal">
    <ignored/>
  </testcase> <!-- reflect_padding_left -->
  <testcase name="Save_link_update" time="0.0" classname="com.freshproposals.selenium.TextBox_Top_Properties2">
    <ignored/>
  </testcase> <!-- Save_link_update -->
  <testcase name="reflect_padding_left" time="0.0" classname="com.freshproposals.selenium.Existing_Template">
    <ignored/>
  </testcase> <!-- reflect_padding_left -->
</testsuite> <!-- All -->
