<?xml version="1.0" encoding="UTF-8"?>
<!-- Generated by org.testng.reporters.JUnitReportReporter -->
<testsuite hostname="DESKTOP-SBMGD82" failures="1" tests="15" name="com.freshproposals.selenium.Line_Properties_Proposal" time="65.586" errors="0" timestamp="2021-03-08T10:45:19 IST" skipped="0">
  <testcase classname="com.freshproposals.selenium.Line_Properties_Proposal" name="SetUnmPwd" time="0.807"/>
  <system-out/>
  <testcase classname="com.freshproposals.selenium.Line_Properties_Proposal" name="openExistData" time="43.729"/>
  <system-out/>
  <testcase classname="com.freshproposals.selenium.Line_Properties_Proposal" name="length" time="0.461"/>
  <system-out/>
  <testcase classname="com.freshproposals.selenium.Line_Properties_Proposal" name="rotate" time="0.210"/>
  <system-out/>
  <testcase classname="com.freshproposals.selenium.Line_Properties_Proposal" name="border_click" time="0.194"/>
  <system-out/>
  <testcase classname="com.freshproposals.selenium.Line_Properties_Proposal" name="border_Width" time="1.293"/>
  <system-out/>
  <testcase classname="com.freshproposals.selenium.Line_Properties_Proposal" name="shadow_click" time="0.312"/>
  <system-out/>
  <testcase classname="com.freshproposals.selenium.Line_Properties_Proposal" name="horizontal_length" time="0.259"/>
  <system-out/>
  <testcase classname="com.freshproposals.selenium.Line_Properties_Proposal" name="vertical_length" time="0.272"/>
  <system-out/>
  <testcase classname="com.freshproposals.selenium.Line_Properties_Proposal" name="blur_radius" time="0.281"/>
  <system-out/>
  <testcase classname="com.freshproposals.selenium.Line_Properties_Proposal" name="spread_radius" time="0.252"/>
  <system-out/>
  <testcase classname="com.freshproposals.selenium.Line_Properties_Proposal" name="saveAndPreview" time="12.341"/>
  <system-out/>
  <testcase classname="com.freshproposals.selenium.Line_Properties_Proposal" name="reflect_length" time="5.080"/>
  <system-out/>
  <testcase classname="com.freshproposals.selenium.Line_Properties_Proposal" name="reflect_rotate" time="0.057">
    <failure message="expected [5deg] but found [matrix(0.996195, 0.0871557, -0.0871557, 0.996195, 0, 0)]" type="java.lang.AssertionError">
      <![CDATA[java.lang.AssertionError: expected [5deg] but found [matrix(0.996195, 0.0871557, -0.0871557, 0.996195, 0, 0)]
at org.testng.Assert.fail(Assert.java:99)
at org.testng.Assert.failNotEquals(Assert.java:1037)
at org.testng.Assert.assertEqualsImpl(Assert.java:140)
at org.testng.Assert.assertEquals(Assert.java:122)
at org.testng.Assert.assertEquals(Assert.java:629)
at org.testng.Assert.assertEquals(Assert.java:639)
at com.freshproposals.selenium.Line_Properties_Proposal.reflect_rotate(Line_Properties_Proposal.java:182)
at java.base/jdk.internal.reflect.NativeMethodAccessorImpl.invoke0(Native Method)
at java.base/jdk.internal.reflect.NativeMethodAccessorImpl.invoke(NativeMethodAccessorImpl.java:64)
at java.base/jdk.internal.reflect.DelegatingMethodAccessorImpl.invoke(DelegatingMethodAccessorImpl.java:43)
at java.base/java.lang.reflect.Method.invoke(Method.java:564)
at org.testng.internal.MethodInvocationHelper.invokeMethod(MethodInvocationHelper.java:132)
at org.testng.internal.TestInvoker.invokeMethod(TestInvoker.java:599)
at org.testng.internal.TestInvoker.invokeTestMethod(TestInvoker.java:174)
at org.testng.internal.MethodRunner.runInSequence(MethodRunner.java:46)
at org.testng.internal.TestInvoker$MethodInvocationAgent.invoke(TestInvoker.java:822)
at org.testng.internal.TestInvoker.invokeTestMethods(TestInvoker.java:147)
at org.testng.internal.TestMethodWorker.invokeTestMethods(TestMethodWorker.java:146)
at org.testng.internal.TestMethodWorker.run(TestMethodWorker.java:128)
at java.base/java.util.ArrayList.forEach(ArrayList.java:1511)
at org.testng.TestRunner.privateRun(TestRunner.java:764)
at org.testng.TestRunner.run(TestRunner.java:585)
at org.testng.SuiteRunner.runTest(SuiteRunner.java:384)
at org.testng.SuiteRunner.runSequentially(SuiteRunner.java:378)
at org.testng.SuiteRunner.privateRun(SuiteRunner.java:337)
at org.testng.SuiteRunner.run(SuiteRunner.java:286)
at org.testng.SuiteRunnerWorker.runSuite(SuiteRunnerWorker.java:53)
at org.testng.SuiteRunnerWorker.run(SuiteRunnerWorker.java:96)
at org.testng.TestNG.runSuitesSequentially(TestNG.java:1218)
at org.testng.TestNG.runSuitesLocally(TestNG.java:1140)
at org.testng.TestNG.runSuites(TestNG.java:1069)
at org.testng.TestNG.run(TestNG.java:1037)
at org.testng.remote.AbstractRemoteTestNG.run(AbstractRemoteTestNG.java:115)
at org.testng.remote.RemoteTestNG.initAndRun(RemoteTestNG.java:251)
at org.testng.remote.RemoteTestNG.main(RemoteTestNG.java:77)
]]>
    </failure>
  </testcase> <!-- reflect_rotate -->
  <system-out/>
  <testcase classname="com.freshproposals.selenium.Line_Properties_Proposal" name="reflect_shadow" time="0.038"/>
  <system-out/>
</testsuite> <!-- com.freshproposals.selenium.Line_Properties_Proposal -->
