<?xml version="1.0" encoding="UTF-8"?>
<!-- Generated by org.testng.reporters.JUnitReportReporter -->
<testsuite hostname="DESKTOP-SBMGD82" failures="0" tests="31" name="com.freshproposals.selenium.TextBox_Properties_Template" time="97.734" errors="1" timestamp="2021-03-04T23:55:30 IST" skipped="0">
  <testcase classname="com.freshproposals.selenium.TextBox_Properties_Template" name="SetUnmPwd" time="0.710"/>
  <system-out/>
  <testcase classname="com.freshproposals.selenium.TextBox_Properties_Template" name="openWtriteTemplate" time="47.497"/>
  <system-out/>
  <testcase classname="com.freshproposals.selenium.TextBox_Properties_Template" name="width" time="0.686"/>
  <system-out/>
  <testcase classname="com.freshproposals.selenium.TextBox_Properties_Template" name="height" time="0.489"/>
  <system-out/>
  <testcase classname="com.freshproposals.selenium.TextBox_Properties_Template" name="rotate" time="0.340"/>
  <system-out/>
  <testcase classname="com.freshproposals.selenium.TextBox_Properties_Template" name="background_color" time="20.088">
    <error message="Expected condition failed: waiting for element to be clickable: By.xpath: //span[@class=&#039;e-btn-icon e-icons e-caret&#039;] (tried for 20 second(s) with 500 milliseconds interval)
Build info: version: &#039;3.141.59&#039;, revision: &#039;e82be7d358&#039;, time: &#039;2018-11-14T08:17:03&#039;
System info: host: &#039;DESKTOP-SBMGD82&#039;, ip: &#039;192.168.0.105&#039;, os.name: &#039;Windows 10&#039;, os.arch: &#039;amd64&#039;, os.version: &#039;10.0&#039;, java.version: &#039;15.0.2&#039;
Driver info: org.openqa.selenium.chrome.ChromeDriver
Capabilities {acceptInsecureCerts: false, browserName: chrome, browserVersion: 88.0.4324.190, chrome: {chromedriverVersion: 88.0.4324.96 (68dba2d8a0b14..., userDataDir: C:\Users\Manish\AppData\Loc...}, goog:chromeOptions: {debuggerAddress: localhost:59880}, javascriptEnabled: true, networkConnectionEnabled: false, pageLoadStrategy: normal, platform: WINDOWS, platformName: WINDOWS, proxy: Proxy(), setWindowRect: true, strictFileInteractability: false, timeouts: {implicit: 0, pageLoad: 300000, script: 30000}, unhandledPromptBehavior: dismiss and notify, webauthn:extension:largeBlob: true, webauthn:virtualAuthenticators: true}
Session ID: 9af15cb2139016c585021fdbc31c85a3" type="org.openqa.selenium.TimeoutException">
      <![CDATA[org.openqa.selenium.TimeoutException: Expected condition failed: waiting for element to be clickable: By.xpath: //span[@class='e-btn-icon e-icons e-caret'] (tried for 20 second(s) with 500 milliseconds interval)
Build info: version: '3.141.59', revision: 'e82be7d358', time: '2018-11-14T08:17:03'
System info: host: 'DESKTOP-SBMGD82', ip: '192.168.0.105', os.name: 'Windows 10', os.arch: 'amd64', os.version: '10.0', java.version: '15.0.2'
Driver info: org.openqa.selenium.chrome.ChromeDriver
Capabilities {acceptInsecureCerts: false, browserName: chrome, browserVersion: 88.0.4324.190, chrome: {chromedriverVersion: 88.0.4324.96 (68dba2d8a0b14..., userDataDir: C:\Users\Manish\AppData\Loc...}, goog:chromeOptions: {debuggerAddress: localhost:59880}, javascriptEnabled: true, networkConnectionEnabled: false, pageLoadStrategy: normal, platform: WINDOWS, platformName: WINDOWS, proxy: Proxy(), setWindowRect: true, strictFileInteractability: false, timeouts: {implicit: 0, pageLoad: 300000, script: 30000}, unhandledPromptBehavior: dismiss and notify, webauthn:extension:largeBlob: true, webauthn:virtualAuthenticators: true}
Session ID: 9af15cb2139016c585021fdbc31c85a3
at org.openqa.selenium.support.ui.WebDriverWait.timeoutException(WebDriverWait.java:95)
at org.openqa.selenium.support.ui.FluentWait.until(FluentWait.java:272)
at com.freshproposals.selenium.TextBox_Properties_Template.background_color(TextBox_Properties_Template.java:143)
at java.base/jdk.internal.reflect.NativeMethodAccessorImpl.invoke0(Native Method)
at java.base/jdk.internal.reflect.NativeMethodAccessorImpl.invoke(NativeMethodAccessorImpl.java:64)
at java.base/jdk.internal.reflect.DelegatingMethodAccessorImpl.invoke(DelegatingMethodAccessorImpl.java:43)
at java.base/java.lang.reflect.Method.invoke(Method.java:564)
at org.testng.internal.MethodInvocationHelper.invokeMethod(MethodInvocationHelper.java:132)
at org.testng.internal.TestInvoker.invokeMethod(TestInvoker.java:599)
at org.testng.internal.TestInvoker.invokeTestMethod(TestInvoker.java:174)
at org.testng.internal.MethodRunner.runInSequence(MethodRunner.java:46)
at org.testng.internal.TestInvoker$MethodInvocationAgent.invoke(TestInvoker.java:822)
at org.testng.internal.TestInvoker.invokeTestMethods(TestInvoker.java:147)
at org.testng.internal.TestMethodWorker.invokeTestMethods(TestMethodWorker.java:146)
at org.testng.internal.TestMethodWorker.run(TestMethodWorker.java:128)
at java.base/java.util.ArrayList.forEach(ArrayList.java:1511)
at org.testng.TestRunner.privateRun(TestRunner.java:764)
at org.testng.TestRunner.run(TestRunner.java:585)
at org.testng.SuiteRunner.runTest(SuiteRunner.java:384)
at org.testng.SuiteRunner.runSequentially(SuiteRunner.java:378)
at org.testng.SuiteRunner.privateRun(SuiteRunner.java:337)
at org.testng.SuiteRunner.run(SuiteRunner.java:286)
at org.testng.SuiteRunnerWorker.runSuite(SuiteRunnerWorker.java:53)
at org.testng.SuiteRunnerWorker.run(SuiteRunnerWorker.java:96)
at org.testng.TestNG.runSuitesSequentially(TestNG.java:1218)
at org.testng.TestNG.runSuitesLocally(TestNG.java:1140)
at org.testng.TestNG.runSuites(TestNG.java:1069)
at org.testng.TestNG.run(TestNG.java:1037)
at org.testng.remote.AbstractRemoteTestNG.run(AbstractRemoteTestNG.java:115)
at org.testng.remote.RemoteTestNG.initAndRun(RemoteTestNG.java:251)
at org.testng.remote.RemoteTestNG.main(RemoteTestNG.java:77)
]]>
    </error>
  </testcase> <!-- background_color -->
  <system-out/>
  <testcase classname="com.freshproposals.selenium.TextBox_Properties_Template" name="gradient" time="0.405"/>
  <system-out/>
  <testcase classname="com.freshproposals.selenium.TextBox_Properties_Template" name="circular" time="0.200"/>
  <system-out/>
  <testcase classname="com.freshproposals.selenium.TextBox_Properties_Template" name="opacity" time="0.634"/>
  <system-out/>
  <testcase classname="com.freshproposals.selenium.TextBox_Properties_Template" name="corner_click" time="0.263"/>
  <system-out/>
  <testcase classname="com.freshproposals.selenium.TextBox_Properties_Template" name="corner_apply" time="4.052"/>
  <system-out/>
  <testcase classname="com.freshproposals.selenium.TextBox_Properties_Template" name="border_click" time="0.379"/>
  <system-out/>
  <testcase classname="com.freshproposals.selenium.TextBox_Properties_Template" name="border_Width" time="0.568"/>
  <system-out/>
  <testcase classname="com.freshproposals.selenium.TextBox_Properties_Template" name="shadow_click" time="0.284"/>
  <system-out/>
  <testcase classname="com.freshproposals.selenium.TextBox_Properties_Template" name="horizontal_length" time="0.343"/>
  <system-out/>
  <testcase classname="com.freshproposals.selenium.TextBox_Properties_Template" name="vertical_length" time="0.381"/>
  <system-out/>
  <testcase classname="com.freshproposals.selenium.TextBox_Properties_Template" name="blur_radius" time="0.446"/>
  <system-out/>
  <testcase classname="com.freshproposals.selenium.TextBox_Properties_Template" name="spread_radius" time="0.328"/>
  <system-out/>
  <testcase classname="com.freshproposals.selenium.TextBox_Properties_Template" name="padding_click" time="0.171"/>
  <system-out/>
  <testcase classname="com.freshproposals.selenium.TextBox_Properties_Template" name="padding_top" time="0.299"/>
  <system-out/>
  <testcase classname="com.freshproposals.selenium.TextBox_Properties_Template" name="padding_bottom" time="0.291"/>
  <system-out/>
  <testcase classname="com.freshproposals.selenium.TextBox_Properties_Template" name="padding_Left" time="0.276"/>
  <system-out/>
  <testcase classname="com.freshproposals.selenium.TextBox_Properties_Template" name="padding_right" time="0.276"/>
  <system-out/>
  <testcase classname="com.freshproposals.selenium.TextBox_Properties_Template" name="saveAndPreview" time="12.941"/>
  <system-out/>
  <testcase classname="com.freshproposals.selenium.TextBox_Properties_Template" name="reflect_width" time="5.133"/>
  <system-out/>
  <testcase classname="com.freshproposals.selenium.TextBox_Properties_Template" name="reflect_height" time="0.058"/>
  <system-out/>
  <testcase classname="com.freshproposals.selenium.TextBox_Properties_Template" name="reflect_shadow" time="0.047"/>
  <system-out/>
  <testcase classname="com.freshproposals.selenium.TextBox_Properties_Template" name="reflect_padding_top" time="0.043"/>
  <system-out/>
  <testcase classname="com.freshproposals.selenium.TextBox_Properties_Template" name="reflect_padding_bottom" time="0.042"/>
  <system-out/>
  <testcase classname="com.freshproposals.selenium.TextBox_Properties_Template" name="reflect_padding_left" time="0.032"/>
  <system-out/>
  <testcase classname="com.freshproposals.selenium.TextBox_Properties_Template" name="reflect_padding_right" time="0.032"/>
  <system-out/>
</testsuite> <!-- com.freshproposals.selenium.TextBox_Properties_Template -->
