<?xml version="1.0" encoding="UTF-8"?>
<!-- Generated by org.testng.reporters.JUnitReportReporter -->
<testsuite hostname="DESKTOP-SBMGD82" failures="0" tests="8" name="com.freshproposals.selenium.Analytics_Feestable_Proposal" time="0.087" errors="1" timestamp="2021-03-02T10:26:10 IST" skipped="7">
  <testcase classname="com.freshproposals.selenium.Analytics_Feestable_Proposal" name="SetUnmPwd" time="0.000">
    <skipped/>
  </testcase> <!-- SetUnmPwd -->
  <system-out/>
  <testcase classname="com.freshproposals.selenium.Analytics_Feestable_Proposal" name="openBrowser" time="0.087">
    <error message="The driver executable does not exist: C:\Users\user\Downloads\Selenium\chromedriver.exe" type="java.lang.IllegalStateException">
      <![CDATA[java.lang.IllegalStateException: The driver executable does not exist: C:\Users\user\Downloads\Selenium\chromedriver.exe
at com.google.common.base.Preconditions.checkState(Preconditions.java:585)
at org.openqa.selenium.remote.service.DriverService.checkExecutable(DriverService.java:146)
at org.openqa.selenium.remote.service.DriverService.findExecutable(DriverService.java:141)
at org.openqa.selenium.chrome.ChromeDriverService.access$000(ChromeDriverService.java:35)
at org.openqa.selenium.chrome.ChromeDriverService$Builder.findDefaultExecutable(ChromeDriverService.java:159)
at org.openqa.selenium.remote.service.DriverService$Builder.build(DriverService.java:355)
at org.openqa.selenium.chrome.ChromeDriverService.createDefaultService(ChromeDriverService.java:94)
at org.openqa.selenium.chrome.ChromeDriver.<init>(ChromeDriver.java:123)
at com.freshproposals.selenium.Analytics_Feestable_Proposal.openBrowser(Analytics_Feestable_Proposal.java:45)
at java.base/jdk.internal.reflect.NativeMethodAccessorImpl.invoke0(Native Method)
at java.base/jdk.internal.reflect.NativeMethodAccessorImpl.invoke(NativeMethodAccessorImpl.java:64)
at java.base/jdk.internal.reflect.DelegatingMethodAccessorImpl.invoke(DelegatingMethodAccessorImpl.java:43)
at java.base/java.lang.reflect.Method.invoke(Method.java:564)
at org.testng.internal.MethodInvocationHelper.invokeMethod(MethodInvocationHelper.java:132)
at org.testng.internal.MethodInvocationHelper.invokeMethodConsideringTimeout(MethodInvocationHelper.java:61)
at org.testng.internal.ConfigInvoker.invokeConfigurationMethod(ConfigInvoker.java:366)
at org.testng.internal.ConfigInvoker.invokeConfigurations(ConfigInvoker.java:320)
at org.testng.internal.TestMethodWorker.invokeBeforeClassMethods(TestMethodWorker.java:176)
at org.testng.internal.TestMethodWorker.run(TestMethodWorker.java:122)
at java.base/java.util.ArrayList.forEach(ArrayList.java:1511)
at org.testng.TestRunner.privateRun(TestRunner.java:764)
at org.testng.TestRunner.run(TestRunner.java:585)
at org.testng.SuiteRunner.runTest(SuiteRunner.java:384)
at org.testng.SuiteRunner.runSequentially(SuiteRunner.java:378)
at org.testng.SuiteRunner.privateRun(SuiteRunner.java:337)
at org.testng.SuiteRunner.run(SuiteRunner.java:286)
at org.testng.SuiteRunnerWorker.runSuite(SuiteRunnerWorker.java:53)
at org.testng.SuiteRunnerWorker.run(SuiteRunnerWorker.java:96)
at org.testng.TestNG.runSuitesSequentially(TestNG.java:1218)
at org.testng.TestNG.runSuitesLocally(TestNG.java:1140)
at org.testng.TestNG.runSuites(TestNG.java:1069)
at org.testng.TestNG.run(TestNG.java:1037)
at org.testng.remote.AbstractRemoteTestNG.run(AbstractRemoteTestNG.java:115)
at org.testng.remote.RemoteTestNG.initAndRun(RemoteTestNG.java:251)
at org.testng.remote.RemoteTestNG.main(RemoteTestNG.java:77)
]]>
    </error>
  </testcase> <!-- openBrowser -->
  <system-out/>
  <testcase classname="com.freshproposals.selenium.Analytics_Feestable_Proposal" name="getData" time="0.000">
    <skipped/>
  </testcase> <!-- getData -->
  <system-out/>
  <testcase classname="com.freshproposals.selenium.Analytics_Feestable_Proposal" name="copyLink" time="0.000">
    <skipped/>
  </testcase> <!-- copyLink -->
  <system-out/>
  <testcase classname="com.freshproposals.selenium.Analytics_Feestable_Proposal" name="sendButton" time="0.000">
    <skipped/>
  </testcase> <!-- sendButton -->
  <system-out/>
  <testcase classname="com.freshproposals.selenium.Analytics_Feestable_Proposal" name="summary" time="0.000">
    <skipped/>
  </testcase> <!-- summary -->
  <system-out/>
  <testcase classname="com.freshproposals.selenium.Analytics_Feestable_Proposal" name="Times_View" time="0.000">
    <skipped/>
  </testcase> <!-- Times_View -->
  <system-out/>
  <testcase classname="com.freshproposals.selenium.Analytics_Feestable_Proposal" name="Average_Time" time="0.000">
    <skipped/>
  </testcase> <!-- Average_Time -->
  <system-out/>
</testsuite> <!-- com.freshproposals.selenium.Analytics_Feestable_Proposal -->
