<?xml version="1.0" encoding="UTF-8"?>
<!-- Generated by org.testng.reporters.JUnitReportReporter -->
<testsuite hostname="DESKTOP-SBMGD82" failures="0" tests="48" name="com.freshproposals.selenium.sanity_3" time="776.855" errors="1" timestamp="2021-04-17T16:37:25 IST" skipped="12">
  <testcase classname="com.freshproposals.selenium.sanity_3" name="Login" time="32.556"/>
  <system-out/>
  <testcase classname="com.freshproposals.selenium.sanity_3" name="CreateTemplate" time="23.568"/>
  <system-out/>
  <testcase classname="com.freshproposals.selenium.sanity_3" name="CreateSection_TextBox_Test" time="12.340"/>
  <system-out/>
  <testcase classname="com.freshproposals.selenium.sanity_3" name="bold" time="54.679"/>
  <system-out/>
  <testcase classname="com.freshproposals.selenium.sanity_3" name="click_reflect_h1" time="7.922"/>
  <system-out/>
  <testcase classname="com.freshproposals.selenium.sanity_3" name="click_reflect_h2" time="5.299"/>
  <system-out/>
  <testcase classname="com.freshproposals.selenium.sanity_3" name="click_reflect_h3" time="5.274"/>
  <system-out/>
  <testcase classname="com.freshproposals.selenium.sanity_3" name="click_reflect_h4" time="5.168"/>
  <system-out/>
  <testcase classname="com.freshproposals.selenium.sanity_3" name="click_reflect_body" time="5.143"/>
  <system-out/>
  <testcase classname="com.freshproposals.selenium.sanity_3" name="click_reflect_quote" time="38.266"/>
  <system-out/>
  <testcase classname="com.freshproposals.selenium.sanity_3" name="delete_all" time="1.355"/>
  <system-out/>
  <testcase classname="com.freshproposals.selenium.sanity_3" name="click_reflect_default" time="14.415"/>
  <system-out/>
  <testcase classname="com.freshproposals.selenium.sanity_3" name="click_reflect_single" time="13.751"/>
  <system-out/>
  <testcase classname="com.freshproposals.selenium.sanity_3" name="click_reflect_1point15" time="13.618"/>
  <system-out/>
  <testcase classname="com.freshproposals.selenium.sanity_3" name="click_reflect_1point5" time="13.564"/>
  <system-out/>
  <testcase classname="com.freshproposals.selenium.sanity_3" name="click_reflect_double" time="47.669"/>
  <system-out/>
  <testcase classname="com.freshproposals.selenium.sanity_3" name="delete_all_2" time="1.583"/>
  <system-out/>
  <testcase classname="com.freshproposals.selenium.sanity_3" name="align_left" time="13.371"/>
  <system-out/>
  <testcase classname="com.freshproposals.selenium.sanity_3" name="align_center" time="12.391"/>
  <system-out/>
  <testcase classname="com.freshproposals.selenium.sanity_3" name="align_right" time="11.364"/>
  <system-out/>
  <testcase classname="com.freshproposals.selenium.sanity_3" name="align_justify" time="45.099"/>
  <system-out/>
  <testcase classname="com.freshproposals.selenium.sanity_3" name="delete_all_3" time="1.683"/>
  <system-out/>
  <testcase classname="com.freshproposals.selenium.sanity_3" name="orderList_default" time="61.119"/>
  <system-out/>
  <testcase classname="com.freshproposals.selenium.sanity_3" name="delete_all_4" time="1.278"/>
  <system-out/>
  <testcase classname="com.freshproposals.selenium.sanity_3" name="orderlist_lower_alpha" time="58.566"/>
  <system-out/>
  <testcase classname="com.freshproposals.selenium.sanity_3" name="delete_all_5" time="2.091"/>
  <system-out/>
  <testcase classname="com.freshproposals.selenium.sanity_3" name="unorderlist_default" time="54.678"/>
  <system-out/>
  <testcase classname="com.freshproposals.selenium.sanity_3" name="delete_all_10" time="1.356"/>
  <system-out/>
  <testcase classname="com.freshproposals.selenium.sanity_3" name="unorderlist_circle" time="58.516"/>
  <system-out/>
  <testcase classname="com.freshproposals.selenium.sanity_3" name="delete_all_11" time="2.230"/>
  <system-out/>
  <testcase classname="com.freshproposals.selenium.sanity_3" name="Indent" time="45.677"/>
  <system-out/>
  <testcase classname="com.freshproposals.selenium.sanity_3" name="delete_all_14" time="3.985"/>
  <system-out/>
  <testcase classname="com.freshproposals.selenium.sanity_3" name="insert_link" time="54.779"/>
  <system-out/>
  <testcase classname="com.freshproposals.selenium.sanity_3" name="linkRename" time="43.782"/>
  <system-out/>
  <testcase classname="com.freshproposals.selenium.sanity_3" name="delete_all_15" time="1.320"/>
  <system-out/>
  <testcase classname="com.freshproposals.selenium.sanity_3" name="Save_link_update" time="7.400">
    <error message="invalid argument
  (Session info: chrome=89.0.4389.128)
Build info: version: &#039;3.141.59&#039;, revision: &#039;e82be7d358&#039;, time: &#039;2018-11-14T08:17:03&#039;
System info: host: &#039;DESKTOP-SBMGD82&#039;, ip: &#039;192.168.0.107&#039;, os.name: &#039;Windows 10&#039;, os.arch: &#039;amd64&#039;, os.version: &#039;10.0&#039;, java.version: &#039;15.0.2&#039;
Driver info: org.openqa.selenium.chrome.ChromeDriver
Capabilities {acceptInsecureCerts: false, browserName: chrome, browserVersion: 89.0.4389.128, chrome: {chromedriverVersion: 88.0.4324.96 (68dba2d8a0b14..., userDataDir: C:\Users\Manish\AppData\Loc...}, goog:chromeOptions: {debuggerAddress: localhost:65063}, javascriptEnabled: true, networkConnectionEnabled: false, pageLoadStrategy: normal, platform: WINDOWS, platformName: WINDOWS, proxy: Proxy(), setWindowRect: true, strictFileInteractability: false, timeouts: {implicit: 0, pageLoad: 300000, script: 30000}, unhandledPromptBehavior: dismiss and notify, webauthn:extension:largeBlob: true, webauthn:virtualAuthenticators: true}
Session ID: 820cf11790a238527c9bfd528ddc891a" type="org.openqa.selenium.InvalidArgumentException">
      <![CDATA[org.openqa.selenium.InvalidArgumentException: invalid argument
  (Session info: chrome=89.0.4389.128)
Build info: version: '3.141.59', revision: 'e82be7d358', time: '2018-11-14T08:17:03'
System info: host: 'DESKTOP-SBMGD82', ip: '192.168.0.107', os.name: 'Windows 10', os.arch: 'amd64', os.version: '10.0', java.version: '15.0.2'
Driver info: org.openqa.selenium.chrome.ChromeDriver
Capabilities {acceptInsecureCerts: false, browserName: chrome, browserVersion: 89.0.4389.128, chrome: {chromedriverVersion: 88.0.4324.96 (68dba2d8a0b14..., userDataDir: C:\Users\Manish\AppData\Loc...}, goog:chromeOptions: {debuggerAddress: localhost:65063}, javascriptEnabled: true, networkConnectionEnabled: false, pageLoadStrategy: normal, platform: WINDOWS, platformName: WINDOWS, proxy: Proxy(), setWindowRect: true, strictFileInteractability: false, timeouts: {implicit: 0, pageLoad: 300000, script: 30000}, unhandledPromptBehavior: dismiss and notify, webauthn:extension:largeBlob: true, webauthn:virtualAuthenticators: true}
Session ID: 820cf11790a238527c9bfd528ddc891a
at java.base/jdk.internal.reflect.NativeConstructorAccessorImpl.newInstance0(Native Method)
at java.base/jdk.internal.reflect.NativeConstructorAccessorImpl.newInstance(NativeConstructorAccessorImpl.java:64)
at java.base/jdk.internal.reflect.DelegatingConstructorAccessorImpl.newInstance(DelegatingConstructorAccessorImpl.java:45)
at java.base/java.lang.reflect.Constructor.newInstanceWithCaller(Constructor.java:500)
at java.base/java.lang.reflect.Constructor.newInstance(Constructor.java:481)
at org.openqa.selenium.remote.http.W3CHttpResponseCodec.createException(W3CHttpResponseCodec.java:187)
at org.openqa.selenium.remote.http.W3CHttpResponseCodec.decode(W3CHttpResponseCodec.java:122)
at org.openqa.selenium.remote.http.W3CHttpResponseCodec.decode(W3CHttpResponseCodec.java:49)
at org.openqa.selenium.remote.HttpCommandExecutor.execute(HttpCommandExecutor.java:158)
at org.openqa.selenium.remote.service.DriverCommandExecutor.execute(DriverCommandExecutor.java:83)
at org.openqa.selenium.remote.RemoteWebDriver.execute(RemoteWebDriver.java:552)
at org.openqa.selenium.remote.RemoteWebDriver.get(RemoteWebDriver.java:277)
at com.freshproposals.selenium.sanity_3.Save_link_update(sanity_3.java:1477)
at java.base/jdk.internal.reflect.NativeMethodAccessorImpl.invoke0(Native Method)
at java.base/jdk.internal.reflect.NativeMethodAccessorImpl.invoke(NativeMethodAccessorImpl.java:64)
at java.base/jdk.internal.reflect.DelegatingMethodAccessorImpl.invoke(DelegatingMethodAccessorImpl.java:43)
at java.base/java.lang.reflect.Method.invoke(Method.java:564)
at org.testng.internal.MethodInvocationHelper.invokeMethod(MethodInvocationHelper.java:132)
at org.testng.internal.TestInvoker.invokeMethod(TestInvoker.java:599)
at org.testng.internal.TestInvoker.invokeTestMethod(TestInvoker.java:174)
at org.testng.internal.MethodRunner.runInSequence(MethodRunner.java:46)
at org.testng.internal.TestInvoker$MethodInvocationAgent.invoke(TestInvoker.java:822)
at org.testng.internal.TestInvoker.invokeTestMethods(TestInvoker.java:147)
at org.testng.internal.TestMethodWorker.invokeTestMethods(TestMethodWorker.java:146)
at org.testng.internal.TestMethodWorker.run(TestMethodWorker.java:128)
at java.base/java.util.ArrayList.forEach(ArrayList.java:1511)
at org.testng.TestRunner.privateRun(TestRunner.java:764)
at org.testng.TestRunner.run(TestRunner.java:585)
at org.testng.SuiteRunner.runTest(SuiteRunner.java:384)
at org.testng.SuiteRunner.runSequentially(SuiteRunner.java:378)
at org.testng.SuiteRunner.privateRun(SuiteRunner.java:337)
at org.testng.SuiteRunner.run(SuiteRunner.java:286)
at org.testng.SuiteRunnerWorker.runSuite(SuiteRunnerWorker.java:53)
at org.testng.SuiteRunnerWorker.run(SuiteRunnerWorker.java:96)
at org.testng.TestNG.runSuitesSequentially(TestNG.java:1218)
at org.testng.TestNG.runSuitesLocally(TestNG.java:1140)
at org.testng.TestNG.runSuites(TestNG.java:1069)
at org.testng.TestNG.run(TestNG.java:1037)
at org.testng.remote.AbstractRemoteTestNG.run(AbstractRemoteTestNG.java:115)
at org.testng.remote.RemoteTestNG.initAndRun(RemoteTestNG.java:251)
at org.testng.remote.RemoteTestNG.main(RemoteTestNG.java:77)
]]>
    </error>
  </testcase> <!-- Save_link_update -->
  <system-out/>
  <testcase classname="com.freshproposals.selenium.sanity_3" name="orderlist_lower_greek">
    <skipped/>
  </testcase> <!-- orderlist_lower_greek -->
  <system-out/>
  <testcase classname="com.freshproposals.selenium.sanity_3" name="delete_all_9">
    <skipped/>
  </testcase> <!-- delete_all_9 -->
  <system-out/>
  <testcase classname="com.freshproposals.selenium.sanity_3" name="orderlist_lower_roman">
    <skipped/>
  </testcase> <!-- orderlist_lower_roman -->
  <system-out/>
  <testcase classname="com.freshproposals.selenium.sanity_3" name="delete_all_6">
    <skipped/>
  </testcase> <!-- delete_all_6 -->
  <system-out/>
  <testcase classname="com.freshproposals.selenium.sanity_3" name="orderlist_upper_alpha">
    <skipped/>
  </testcase> <!-- orderlist_upper_alpha -->
  <system-out/>
  <testcase classname="com.freshproposals.selenium.sanity_3" name="delete_all_8">
    <skipped/>
  </testcase> <!-- delete_all_8 -->
  <system-out/>
  <testcase classname="com.freshproposals.selenium.sanity_3" name="unorderlist_disc">
    <skipped/>
  </testcase> <!-- unorderlist_disc -->
  <system-out/>
  <testcase classname="com.freshproposals.selenium.sanity_3" name="delete_all_13">
    <skipped/>
  </testcase> <!-- delete_all_13 -->
  <system-out/>
  <testcase classname="com.freshproposals.selenium.sanity_3" name="delete_all_7">
    <skipped/>
  </testcase> <!-- delete_all_7 -->
  <system-out/>
  <testcase classname="com.freshproposals.selenium.sanity_3" name="orderlist_upper_roman">
    <skipped/>
  </testcase> <!-- orderlist_upper_roman -->
  <system-out/>
  <testcase classname="com.freshproposals.selenium.sanity_3" name="unorderlist_square">
    <skipped/>
  </testcase> <!-- unorderlist_square -->
  <system-out/>
  <testcase classname="com.freshproposals.selenium.sanity_3" name="delete_all_12">
    <skipped/>
  </testcase> <!-- delete_all_12 -->
  <system-out/>
</testsuite> <!-- com.freshproposals.selenium.sanity_3 -->
